TimeStamp;Log level;File;Line;Message
2022-09-26T08:49:33;TRACE;ipc_mutex.cpp;24;Mutex 'websetup' has been created.
2022-09-26T08:49:33;INFO;websetup.cpp;43;2
2022-09-26T08:49:33;INFO;websetup.cpp;45;C:\Users\denis.lalanne\Sources\0-LocalRunFromWeb\websetup.exe
2022-09-26T08:49:33;INFO;websetup.cpp;45;websetup://checkAgent/
2022-09-26T08:49:34;INFO;wsrv.cpp;17;Connection opened, addr: 127.0.0.1
2022-09-26T08:49:34;INFO;local_gui.cpp;124;Showing effect number 2 of 5 : SLIDE_IN_BOTTOMRIGHT
2022-09-26T08:49:34;DEBUG;local_gui.cpp;126;
2022-09-26T08:49:35;INFO;local_gui.cpp;128;Hiding  effect number 2 of 5 : SLIDE_OUT_BOTTOMRIGHT
2022-09-26T08:49:47;INFO;wsrv.cpp;65;I receive a message: run ls (size: 6, type: 1), from: 127.0.0.1
2022-09-26T08:49:47;INFO;wsrv.cpp;42;ls
;;;;0409
;;;;07409496-a423-4a3e-b620-2cfb01a9318d_HyperV-ComputeNetwork.dll
;;;;69fe178f-26e7-43a9-aa7d-2b616b672dde_eventlogservice.dll
;;;;6bea57fb-8dfb-4177-9ae8-42e8b3529933_RuntimeDeviceInstall.dll
;;;;@AdvancedKeySettingsNotification.png
;;;;@AppHelpToast.png
;;;;@AudioToastIcon.png
;;;;@BackgroundAccessToastIcon.png
;;;;@EnrollmentToastIcon.png
;;;;@StorageSenseToastIcon.png
;;;;@VpnToastIcon.png
;;;;@WLOGO_48x48.png
;;;;@WindowsHelloFaceToastIcon.png
;;;;@WindowsUpdateToastIcon.contrast-black.png
;;;;@WindowsUpdateToastIcon.contrast-white.png
;;;;@WindowsUpdateToastIcon.png
;;;;@WirelessDisplayToast.png
;;;;@bitlockertoastimage.png
;;;;@edptoastimage.png
;;;;@language_notification_icon.png
;;;;@optionalfeatures.png
;;;;@windows-hello-V4.1.gif
;;;;ACPBackgroundManagerPolicy.dll
;;;;AJRouter.dll
;;;;APHostClient.dll
;;;;APHostRes.dll
;;;;APHostService.dll
;;;;APMon.dll
;;;;APMonUI.dll
;;;;ARP.EXE
;;;;AUDIOKSE.dll
;;;;AarSvc.dll
;;;;AboutSettingsHandlers.dll
;;;;AboveLockAppHost.dll
;;;;AcGenral.dll
;;;;AcLayers.dll
;;;;AcSpecfc.dll
;;;;AcWinRT.dll
;;;;AcXtrnal.dll
;;;;AccountsRt.dll
;;;;ActionCenter.dll
;;;;ActionCenterCPL.dll
;;;;ActionQueue.dll
;;;;ActivationClient.dll
;;;;ActivationManager.dll
;;;;ActivationVdev.dll
;;;;ActiveHours.png
;;;;ActiveSyncCsp.dll
;;;;ActiveSyncProvider.dll
;;;;AdaptiveCards.dll
;;;;AddressParser.dll
;;;;AdmTmpl.dll
;;;;AdvancedEmojiDS.dll
;;;;AdvancedInstallers
;;;;AgentService.exe
;;;;Analog.Shell.Broker.dll
;;;;AnalogCommonProxyStub.dll
;;;;ApiSetHost.AppExecutionAlias.dll
;;;;AppContracts.dll
;;;;AppExtension.dll
;;;;AppHostRegistrationVerifier.exe
;;;;AppIdPolicyEngineApi.dll
;;;;AppInstallerPrompt.Desktop.dll
;;;;AppListBackupLauncher.dll
;;;;AppLocker
;;;;AppLockerCSP.dll
;;;;AppManagementConfiguration.dll
;;;;AppMon.dll
;;;;AppReadiness.dll
;;;;AppResolver.dll
;;;;AppV
;;;;AppVCatalog.dll
;;;;AppVClient.exe
;;;;AppVClientPS.dll
;;;;AppVDllSurrogate.exe
;;;;AppVEntStreamingManager.dll
;;;;AppVEntSubsystemController.dll
;;;;AppVEntSubsystems64.dll
;;;;AppVEntVirtualization.dll
;;;;AppVFileSystemMetadata.dll
;;;;AppVIntegration.dll
;;;;AppVManifest.dll
;;;;AppVNice.exe
;;;;AppVOrchestration.dll
;;;;AppVPolicy.dll
;;;;AppVPublishing.dll
;;;;AppVReporting.dll
;;;;AppVScripting.dll
;;;;AppVSentinel.dll
;;;;AppVShNotify.exe
;;;;AppVStreamMap.dll
;;;;AppVStreamingUX.dll
;;;;AppVTerminator.dll
;;;;AppXApplicabilityBlob.dll
;;;;AppXDeploymentClient.dll
;;;;AppXDeploymentExtensions.desktop.dll
;;;;AppXDeploymentExtensions.onecore.dll
;;;;AppXDeploymentServer.dll
;;;;Apphlpdm.dll
;;;;ApplicationControlCSP.dll
;;;;ApplicationFrame.dll
;;;;ApplicationFrameHost.exe
;;;;ApplySettingsTemplateCatalog.exe
;;;;ApplyTrustOffline.exe
;;;;AppointmentActivation.dll
;;;;AppointmentApis.dll
;;;;ApproveChildRequest.exe
;;;;AppvClientEventLog.dll
;;;;AppxAllUserStore.dll
;;;;AppxApplicabilityEngine.dll
;;;;AppxPackaging.dll
;;;;AppxProvisioning.xml
;;;;AppxSip.dll
;;;;AppxStreamingDataSourcePS.dll
;;;;AppxSysprep.dll
;;;;AssignedAccessCsp.dll
;;;;AssignedAccessGuard.exe
;;;;AssignedAccessManager.dll
;;;;AssignedAccessRuntime.dll
;;;;AssignedAccessShellProxy.dll
;;;;AtBroker.exe
;;;;AttestationWmiProvider.dll
;;;;AudioEndpointBuilder.dll
;;;;AudioEng.dll
;;;;AudioHandlers.dll
;;;;AudioSes.dll
;;;;AudioSrvPolicyManager.dll
;;;;AuditNativeSnapIn.dll
;;;;AuditPolicyGPInterop.dll
;;;;AuthBroker.dll
;;;;AuthBrokerUI.dll
;;;;AuthExt.dll
;;;;AuthFWGP.dll
;;;;AuthFWSnapin.dll
;;;;AuthFWWizFwk.dll
;;;;AuthHost.exe
;;;;AuthHostProxy.dll
;;;;AverageRoom.bin
;;;;AxInstSv.dll
;;;;AxInstUI.exe
;;;;AzSqlExt.dll
;;;;AzureCheck.dll
;;;;AzureSettingSyncProvider.dll
;;;;BCP47Langs.dll
;;;;BCP47mrm.dll
;;;;BFE.DLL
;;;;BOOTVID.DLL
;;;;BTAGService.dll
;;;;BWContextHandler.dll
;;;;BackgroundMediaPolicy.dll
;;;;BackgroundTransferHost.exe
;;;;BamSettingsClient.dll
;;;;BarcodeProvisioningPlugin.dll
;;;;BcastDVRBroker.dll
;;;;BcastDVRClient.dll
;;;;BcastDVRCommon.dll
;;;;BcmTokenProvider.dll
;;;;BcmTokenProvider.rsap
;;;;BdeHdCfg.exe
;;;;BdeHdCfgLib.dll
;;;;BdeSysprep.dll
;;;;BdeUISrv.exe
;;;;BestPractices
;;;;BingASDS.dll
;;;;BingFilterDS.dll
;;;;BingMaps.dll
;;;;BingOnlineServices.dll
;;;;BioCredProv.dll
;;;;BioIso.exe
;;;;BitLockerCsp.dll
;;;;BitLockerDeviceEncryption.exe
;;;;BitLockerWizard.exe
;;;;BitLockerWizardElev.exe
;;;;BitsProxy.dll
;;;;BlbEvents.dll
;;;;BluetoothApis.dll
;;;;BluetoothDesktopHandlers.dll
;;;;BluetoothPairingSystemToastIcon.contrast-black.png
;;;;BluetoothPairingSystemToastIcon.contrast-high.png
;;;;BluetoothPairingSystemToastIcon.contrast-white.png
;;;;BluetoothPairingSystemToastIcon.png
;;;;BluetoothSystemToastIcon.contrast-white.png
;;;;BluetoothSystemToastIcon.png
;;;;Boot
;;;;BootMenuUX.dll
;;;;BrokerLib.dll
;;;;BrowserSettingSync.dll
;;;;BthAvctpSvc.dll
;;;;BthAvrcp.dll
;;;;BthAvrcpAppSvc.dll
;;;;BthMtpContextHandler.dll
;;;;BthRadioMedia.dll
;;;;BthTelemetry.dll
;;;;BthpanContextHandler.dll
;;;;Bthprops
;;;;Bubbles.scr
;;;;ByteCodeGenerator.exe
;;;;CBDHSvc.dll
;;;;CHxReadingStringIME.dll
;;;;CIDiag.exe
;;;;CIRCoInst.dll
;;;;CIWmi.dll
;;;;CNAS0MOK.DLL
;;;;COLORCNV.DLL
;;;;CPFilters.dll
;;;;CSystemEventsBrokerClient.dll
;;;;CVFirmwareUpgradeLog.txt
;;;;CVRemoteServer.exe
;;;;CVUsrIfc.dll
;;;;CXHProvisioningServer.dll
;;;;C_037.NLS
;;;;C_10000.NLS
;;;;C_10001.NLS
;;;;C_10002.NLS
;;;;C_10003.NLS
;;;;C_10004.NLS
;;;;C_10005.NLS
;;;;C_10006.NLS
;;;;C_10007.NLS
;;;;C_10008.NLS
;;;;C_10010.NLS
;;;;C_10017.NLS
;;;;C_10021.NLS
;;;;C_10029.NLS
;;;;C_10079.NLS
;;;;C_10081.NLS
;;;;C_10082.NLS
;;;;C_1026.NLS
;;;;C_1047.NLS
;;;;C_1140.NLS
;;;;C_1141.NLS
;;;;C_1142.NLS
;;;;C_1143.NLS
;;;;C_1144.NLS
;;;;C_1145.NLS
;;;;C_1146.NLS
;;;;C_1147.NLS
;;;;C_1148.NLS
;;;;C_1149.NLS
;;;;C_1250.NLS
;;;;C_1251.NLS
;;;;C_1252.NLS
;;;;C_1253.NLS
;;;;C_1254.NLS
;;;;C_1255.NLS
;;;;C_1256.NLS
;;;;C_1257.NLS
;;;;C_1258.NLS
;;;;C_1361.NLS
;;;;C_20000.NLS
;;;;C_20001.NLS
;;;;C_20002.NLS
;;;;C_20003.NLS
;;;;C_20004.NLS
;;;;C_20005.NLS
;;;;C_20105.NLS
;;;;C_20106.NLS
;;;;C_20107.NLS
;;;;C_20108.NLS
;;;;C_20127.NLS
;;;;C_20261.NLS
;;;;C_20269.NLS
;;;;C_20273.NLS
;;;;C_20277.NLS
;;;;C_20278.NLS
;;;;C_20280.NLS
;;;;C_20284.NLS
;;;;C_20285.NLS
;;;;C_20290.NLS
;;;;C_20297.NLS
;;;;C_20420.NLS
;;;;C_20423.NLS
;;;;C_20424.NLS
;;;;C_20833.NLS
;;;;C_20838.NLS
;;;;C_20866.NLS
;;;;C_20871.NLS
;;;;C_20880.NLS
;;;;C_20905.NLS
;;;;C_20924.NLS
;;;;C_20932.NLS
;;;;C_20936.NLS
;;;;C_20949.NLS
;;;;C_21025.NLS
;;;;C_21027.NLS
;;;;C_21866.NLS
;;;;C_28591.NLS
;;;;C_28592.NLS
;;;;C_28593.NLS
;;;;C_28594.NLS
;;;;C_28595.NLS
;;;;C_28596.NLS
;;;;C_28597.NLS
;;;;C_28598.NLS
;;;;C_28599.NLS
;;;;C_28605.NLS
;;;;C_437.NLS
;;;;C_500.NLS
;;;;C_708.NLS
;;;;C_720.NLS
;;;;C_737.NLS
;;;;C_775.NLS
;;;;C_850.NLS
;;;;C_852.NLS
;;;;C_855.NLS
;;;;C_857.NLS
;;;;C_858.NLS
;;;;C_860.NLS
;;;;C_861.NLS
;;;;C_862.NLS
;;;;C_863.NLS
;;;;C_864.NLS
;;;;C_865.NLS
;;;;C_866.NLS
;;;;C_869.NLS
;;;;C_870.NLS
;;;;C_874.NLS
;;;;C_875.NLS
;;;;C_932.NLS
;;;;C_936.NLS
;;;;C_949.NLS
;;;;C_950.NLS
;;;;C_G18030.DLL
;;;;C_IS2022.DLL
;;;;C_ISCII.DLL
;;;;CallButtons.ProxyStub.dll
;;;;CallButtons.dll
;;;;CallHistoryClient.dll
;;;;CameraCaptureUI.dll
;;;;CameraSettingsUIHost.exe
;;;;CapabilityAccessHandlers.dll
;;;;CapabilityAccessManager.dll
;;;;CapabilityAccessManagerClient.dll
;;;;CaptureService.dll
;;;;CastLaunch.dll
;;;;CastSrv.exe
;;;;CastingShellExt.dll
;;;;CatRoot
;;;;CellularAPI.dll
;;;;CertEnroll.dll
;;;;CertEnrollCtrl.exe
;;;;CertEnrollUI.dll
;;;;CertPKICmdlet.dll
;;;;CertPolEng.dll
;;;;CfgSPCellular.dll
;;;;CfgSPPolicy.dll
;;;;Chakra.dll
;;;;Chakradiag.dll
;;;;Chakrathunk.dll
;;;;ChatApis.dll
;;;;CheckNetIsolation.exe
;;;;ChsStrokeDS.dll
;;;;ChtAdvancedDS.dll
;;;;ChtBopomofoDS.dll
;;;;ChtCangjieDS.dll
;;;;ChtHkStrokeDS.dll
;;;;ChtQuickDS.dll
;;;;ChxAPDS.dll
;;;;ChxDecoder.dll
;;;;ChxHAPDS.dll
;;;;CleanPCCSP.dll
;;;;ClipDLS.exe
;;;;ClipRenew.exe
;;;;ClipSVC.dll
;;;;ClipUp.exe
;;;;ClipboardServer.dll
;;;;Clipc.dll
;;;;CloudDomainJoinAUG.dll
;;;;CloudDomainJoinDataModelServer.dll
;;;;CloudExperienceHost.dll
;;;;CloudExperienceHostBroker.dll
;;;;CloudExperienceHostBroker.exe
;;;;CloudExperienceHostCommon.dll
;;;;CloudExperienceHostUser.dll
;;;;CloudNotifications.exe
;;;;CodeIntegrity
;;;;Com
;;;;CompMgmtLauncher.exe
;;;;CompPkgSrv.exe
;;;;CompPkgSup.dll
;;;;CompatTelRunner.exe
;;;;ComposableShellProxyStub.dll
;;;;ComposerFramework.dll
;;;;ComputerDefaults.exe
;;;;ComputerToastIcon.contrast-white.png
;;;;ComputerToastIcon.png
;;;;Configuration
;;;;ConfigureExpandedStorage.dll
;;;;ConhostV1.dll
;;;;ConnectedAccountState.dll
;;;;ConsentExperienceCommon.dll
;;;;ConsentUX.dll
;;;;ConsentUxClient.dll
;;;;ConsoleLogon.dll
;;;;ConstraintIndex.Search.dll
;;;;ContactActivation.dll
;;;;ContactApis.dll
;;;;ContactHarvesterDS.dll
;;;;ContainerSettingsProviders
;;;;ContentDeliveryManager.Utilities.dll
;;;;ControlLib.dll
;;;;ControlLib32.dll
;;;;CoreMas.dll
;;;;CoreMessaging.dll
;;;;CoreMmRes.dll
;;;;CoreShell.dll
;;;;CoreShellAPI.dll
;;;;CoreShellExtFramework.dll
;;;;CoreUIComponents.dll
;;;;CourtesyEngine.dll
;;;;CredDialogBroker.dll
;;;;CredProv2faHelper.dll
;;;;CredProvDataModel.dll
;;;;CredProvHelper.dll
;;;;CredentialEnrollmentManager.exe
;;;;CredentialEnrollmentManagerForUser.dll
;;;;CredentialUIBroker.exe
;;;;CryptoWinRT.dll
;;;;CscMig.dll
;;;;CspCellularSettings.dll
;;;;CspProxy.dll
;;;;CustomInstallExec.exe
;;;;CustomShellHost.exe
;;;;D3D12.dll
;;;;D3D12Core.dll
;;;;D3DCompiler_47.dll
;;;;D3DSCache.dll
;;;;DAConn.dll
;;;;DAFESCL.dll
;;;;DAFIPP.dll
;;;;DAFIoT.dll
;;;;DAFMCP.dll
;;;;DAFWSD.dll
;;;;DAFWiProv.dll
;;;;DAMM.dll
;;;;DAMediaManager.dll
;;;;DDACLSys.dll
;;;;DDDS.dll
;;;;DDFs
;;;;DDOIProxy.dll
;;;;DDORes.dll
;;;;DFDWiz.exe
;;;;DHolographicDisplay.dll
;;;;DMAlertListener.ProxyStub.dll
;;;;DMAppsRes.dll
;;;;DMPushRouterCore.dll
;;;;DMRCDecoder.dll
;;;;DMRServer.dll
;;;;DTUHandler.exe
;;;;DTUHandlerPS.dll
;;;;DWWIN.EXE
;;;;DWrite.dll
;;;;DXCore.dll
;;;;DXP.dll
;;;;DaOtpCredentialProvider.dll
;;;;DafDnsSd.dll
;;;;DafGip.dll
;;;;DafPrintProvider.dll
;;;;DataExchange.dll
;;;;DataExchangeHost.exe
;;;;DataStoreCacheDumpTool.exe
;;;;DataUsageHandlers.dll
;;;;DataUsageLiveTileTask.exe
;;;;DavSyncProvider.dll
;;;;DbgModel.dll
;;;;DdcAntiTheftApi.dll
;;;;DdcClaimsApi.dll
;;;;DdcComImplementationsDesktop.dll
;;;;DefaultAccountTile.png
;;;;DefaultDeviceManager.dll
;;;;DefaultHrtfs.bin
;;;;DefaultPrinterProvider.dll
;;;;DefaultQuestions.json
;;;;Defrag.exe
;;;;DeliveryOptimizationMIProv.mof
;;;;DeliveryOptimizationMIProvUninstall.mof
;;;;DellTPad
;;;;DesktopKeepOnToastImg.gif
;;;;DesktopShellAppStateContract.dll
;;;;DesktopShellExt.dll
;;;;DesktopSwitcherDataModel.dll
;;;;DesktopView.Internal.Broker.ProxyStub.dll
;;;;DesktopView.Internal.Broker.dll
;;;;DetailedReading-Default.xml
;;;;DevDispItemProvider.dll
;;;;DevModeRunAsUserConfig.msc
;;;;DevPropMgr.dll
;;;;DevQueryBroker.dll
;;;;DeveloperOptionsSettingsHandlers.dll
;;;;DeviceCensus.exe
;;;;DeviceCenter.dll
;;;;DeviceCredential.dll
;;;;DeviceCredentialDeployment.exe
;;;;DeviceDirectoryClient.dll
;;;;DeviceDisplayStatusManager.dll
;;;;DeviceDriverRetrievalClient.dll
;;;;DeviceEject.exe
;;;;DeviceElementSource.dll
;;;;DeviceEnroller.exe
;;;;DeviceFlows.DataModel.dll
;;;;DeviceMetadataRetrievalClient.dll
;;;;DevicePairing.dll
;;;;DevicePairingExperienceMEM.dll
;;;;DevicePairingFolder.dll
;;;;DevicePairingProxy.dll
;;;;DevicePairingWizard.exe
;;;;DeviceProperties.exe
;;;;DeviceReactivation.dll
;;;;DeviceSetupManager.dll
;;;;DeviceSetupManagerAPI.dll
;;;;DeviceSetupStatusProvider.dll
;;;;DeviceSoftwareInstallationClient.dll
;;;;DeviceUpdateAgent.dll
;;;;DeviceUpdateCenterCsp.dll
;;;;DeviceUxRes.dll
;;;;DevicesFlowBroker.dll
;;;;DfsShlEx.dll
;;;;DiagCpl.dll
;;;;DiagSvc.dll
;;;;DiagSvcs
;;;;DiagnosticInvoker.dll
;;;;DiagnosticLogCSP.dll
;;;;DialogBlockerProc.dll
;;;;DialogBlockingManager.dll
;;;;DialogBlockingService.dll
;;;;DictationManager.dll
;;;;Direct2DDesktop.dll
;;;;DiskSnapshot.conf
;;;;DiskSnapshot.exe
;;;;Dism
;;;;Dism.exe
;;;;DismApi.dll
;;;;DispBroker.Desktop.dll
;;;;DispBroker.dll
;;;;Display.dll
;;;;DisplayManager.dll
;;;;DisplaySwitch.exe
;;;;DisplaySystemToastIcon.contrast-white.png
;;;;DisplaySystemToastIcon.png
;;;;DmApiSetExtImplDesktop.dll
;;;;DmNotificationBroker.exe
;;;;DmOmaCpMo.exe
;;;;DockInterface.ProxyStub.dll
;;;;Docking.VirtualInput.dll
;;;;DocumentPerformanceEvents.dll
;;;;DolbyDecMFT.dll
;;;;Dot3Conn.dll
;;;;DpiScaling.exe
;;;;DragDropExperienceCommon.dll
;;;;DragDropExperienceDataExchangeDelegated.dll
;;;;DriverState
;;;;DriverStore
;;;;DrtmAuthTxt.wim
;;;;DscCore.dll
;;;;DscCoreConfProv.dll
;;;;DscTimer.dll
;;;;DsmUserTask.exe
;;;;Dsui.dll
;;;;DuCsps.dll
;;;;DucUpdateAgent.dll
;;;;DxpTaskSync.dll
;;;;Dxpserver.exe
;;;;DynamicLong.bin
;;;;DynamicMedium.bin
;;;;DynamicShort.bin
;;;;EAMProgressHandler.dll
;;;;EASPolicyManagerBrokerHost.exe
;;;;EDPCleanup.exe
;;;;ELSCore.dll
;;;;EM.exe
;;;;ETWCoreUIComponentsResources.dll
;;;;ETWESEProviderResources.dll
;;;;Eap3Host.exe
;;;;EapTeapAuth.dll
;;;;EapTeapConfig.dll
;;;;EapTeapExt.dll
;;;;EasPolicyManagerBrokerPS.dll
;;;;EaseOfAccessDialog.exe
;;;;EdgeContent.dll
;;;;EdgeManager.dll
;;;;EditBufferTestHook.dll
;;;;EditionUpgradeHelper.dll
;;;;EditionUpgradeManagerObj.dll
;;;;EduPrintProv.exe
;;;;EhStorAPI.dll
;;;;EhStorAuthn.exe
;;;;EhStorPwdMgr.dll
;;;;EhStorShell.dll
;;;;EmailApis.dll
;;;;EmojiDS.dll
;;;;EnterpriseAPNCsp.dll
;;;;EnterpriseAppMgmtClient.dll
;;;;EnterpriseAppMgmtSvc.dll
;;;;EnterpriseAppVMgmtCSP.dll
;;;;EnterpriseDesktopAppMgmtCSP.dll
;;;;EnterpriseModernAppMgmtCSP.dll
;;;;EoAExperiences.exe
;;;;ErrorDetails.dll
;;;;ErrorDetailsCore.dll
;;;;EsclProtocol.dll
;;;;EsclScan.dll
;;;;EsclWiaDriver.dll
;;;;EsdSip.dll
;;;;EthernetMediaManager.dll
;;;;EtwRundown.dll
;;;;EventAggregation.dll
;;;;EventViewer_EventDetails.xsl
;;;;ExSMime.dll
;;;;ExecModelClient.dll
;;;;ExplorerFrame.dll
;;;;ExtrasXmlParser.dll
;;;;F12
;;;;FDResPub.dll
;;;;FM20.DLL
;;;;FM20ENU.DLL
;;;;FM20FRA.DLL
;;;;FNTCACHE.DAT
;;;;FWPUCLNT.DLL
;;;;FXSAPI.dll
;;;;FXSCOM.dll
;;;;FXSCOMEX.dll
;;;;FXSCOMPOSE.dll
;;;;FXSCOMPOSERES.dll
;;;;FXSCOVER.exe
;;;;FXSEVENT.dll
;;;;FXSMON.dll
;;;;FXSRESM.dll
;;;;FXSROUTE.dll
;;;;FXSST.dll
;;;;FXSSVC.exe
;;;;FXST30.dll
;;;;FXSTIFF.dll
;;;;FXSUNATD.exe
;;;;FXSUTILITY.dll
;;;;Facilitator.dll
;;;;Family.Authentication.dll
;;;;Family.Cache.dll
;;;;Family.Client.dll
;;;;Family.SyncEngine.dll
;;;;FamilySafetyExt.dll
;;;;Faultrep.dll
;;;;FaxPrinterInstaller.dll
;;;;FdDevQuery.dll
;;;;FeatureToastBulldogImg.png
;;;;FeatureToastDlpImg.png
;;;;FileAppxStreamingDataSource.dll
;;;;FileHistory.exe
;;;;FilterDS.dll
;;;;Firewall.cpl
;;;;FirewallAPI.dll
;;;;FirewallControlPanel.dll
;;;;FirmwareUpgradeProgress.exe
;;;;FlightSettings.dll
;;;;FluencyDS.dll
;;;;FntCache.dll
;;;;Fondue.exe
;;;;FontGlyphAnimator.dll
;;;;FontProvider.dll
;;;;FrameServer.dll
;;;;FrameServerClient.dll
;;;;FsIso.exe
;;;;FsNVSDeviceSource.dll
;;;;FwRemoteSvr.dll
;;;;FxsTmp
;;;;GPCSEWrapperCsp.dll
;;;;GameBarPresenceWriter.exe
;;;;GameBarPresenceWriter.proxy.dll
;;;;GameChatOverlayExt.dll
;;;;GameChatTranscription.dll
;;;;GameInput.dll
;;;;GamePanel.exe
;;;;GamePanelExternalHook.dll
;;;;GameSystemToastIcon.contrast-white.png
;;;;GameSystemToastIcon.png
;;;;GdiPlus.dll
;;;;GenValObj.exe
;;;;Geocommon.dll
;;;;Geolocation.dll
;;;;GfxValDisplayLog.bin
;;;;GraphicsCapture.dll
;;;;GraphicsPerfSvc.dll
;;;;GroupPolicy
;;;;GroupPolicyUsers
;;;;Groupinghc.dll
;;;;HNetCfgClient.dll
;;;;HOSTNAME.EXE
;;;;HalExtIntcLpioDMA.dll
;;;;HalExtPL080.dll
;;;;HandwritingSystemToastIcon.contrast-white.png
;;;;HandwritingSystemToastIcon.png
;;;;HashtagDS.dll
;;;;HdcpHandler.dll
;;;;HeadphoneSystemToastIcon.contrast-white.png
;;;;HeadphoneSystemToastIcon.png
;;;;HeadsetSystemToastIcon.contrast-white.png
;;;;HeadsetSystemToastIcon.png
;;;;HealthSystemToastIcon.contrast-white.png
;;;;HealthSystemToastIcon.png
;;;;HeatCore.dll
;;;;HelpPaneProxy.dll
;;;;HgsClientWmi.dll
;;;;HidCfu.dll
;;;;HoloSHExtensions.dll
;;;;HoloSI.PCShell.dll
;;;;HoloShellRuntime.dll
;;;;HologramCompositor.dll
;;;;HologramWorld.dll
;;;;HolographicExtensions.dll
;;;;HolographicRuntimes.dll
;;;;HostControlService.exe
;;;;HostGuardianServiceClientResources.dll
;;;;HostNetSvc.dll
;;;;HostStorageService.exe
;;;;HrtfApo.dll
;;;;HttpsDataSource.dll
;;;;HvSocket.dll
;;;;HvsiManagementApi.dll
;;;;Hydrogen
;;;;Hydrogen.dll
;;;;HyperVSysprepProvider.dll
;;;;IA2ComProxy.dll
;;;;IDStore.dll
;;;;IEAdvpack.dll
;;;;IESettingSync.exe
;;;;IHDS.dll
;;;;IKEEXT.DLL
;;;;IME
;;;;INETRES.dll
;;;;IPELoggingDictationHelper.dll
;;;;IPHLPAPI.DLL
;;;;IPSECSVC.DLL
;;;;ISM.dll
;;;;IasMigPlugin.dll
;;;;IconCodecService.dll
;;;;IcsEntitlementHost.exe
;;;;IdCtrls.dll
;;;;IdListen.dll
;;;;ImplatSetup.dll
;;;;IndexedDbLegacy.dll
;;;;InfDefaultInstall.exe
;;;;InkEd.dll
;;;;InkObjCore.dll
;;;;InprocLogger.dll
;;;;InputCloudStore.dll
;;;;InputController.dll
;;;;InputHost.dll
;;;;InputInjectionBroker.dll
;;;;InputLocaleManager.dll
;;;;InputMethod
;;;;InputService.dll
;;;;InputSwitch.dll
;;;;InputSwitchToastHandler.exe
;;;;InputSystemToastIcon.contrast-white.png
;;;;InputSystemToastIcon.png
;;;;InstallService.dll
;;;;InstallServiceTasks.dll
;;;;Intel
;;;;IntelIHVRouter06.dll
;;;;IntelSSTPreprocStreamer.dll
;;;;IntelWifiIhv06.dll
;;;;IntelWovSDK.dll
;;;;InternetMailCsp.dll
;;;;IoTAssignedAccessLockFramework.dll
;;;;IpNatHlpClient.dll
;;;;Ipmi
;;;;IppCommon.dll
;;;;IppCommonProxy.dll
;;;;IumSdk.dll
;;;;JHI.dll
;;;;JHI64.dll
;;;;JavaScriptCollectionAgent.dll
;;;;JpMapControl.dll
;;;;JpnServiceDS.dll
;;;;KBDA1.DLL
;;;;KBDA2.DLL
;;;;KBDA3.DLL
;;;;KBDADLM.DLL
;;;;KBDAL.DLL
;;;;KBDARME.DLL
;;;;KBDARMW.DLL
;;;;KBDAZE.DLL
;;;;KBDAZEL.DLL
;;;;KBDAZST.DLL
;;;;KBDBASH.DLL
;;;;KBDBE.DLL
;;;;KBDBENE.DLL
;;;;KBDBGPH.DLL
;;;;KBDBGPH1.DLL
;;;;KBDBHC.DLL
;;;;KBDBLR.DLL
;;;;KBDBR.DLL
;;;;KBDBU.DLL
;;;;KBDBUG.DLL
;;;;KBDBULG.DLL
;;;;KBDCA.DLL
;;;;KBDCAN.DLL
;;;;KBDCHER.DLL
;;;;KBDCHERP.DLL
;;;;KBDCR.DLL
;;;;KBDCZ.DLL
;;;;KBDCZ1.DLL
;;;;KBDCZ2.DLL
;;;;KBDDA.DLL
;;;;KBDDIV1.DLL
;;;;KBDDIV2.DLL
;;;;KBDDV.DLL
;;;;KBDDZO.DLL
;;;;KBDES.DLL
;;;;KBDEST.DLL
;;;;KBDFA.DLL
;;;;KBDFC.DLL
;;;;KBDFI.DLL
;;;;KBDFI1.DLL
;;;;KBDFO.DLL
;;;;KBDFR.DLL
;;;;KBDFTHRK.DLL
;;;;KBDGAE.DLL
;;;;KBDGEO.DLL
;;;;KBDGKL.DLL
;;;;KBDGN.DLL
;;;;KBDGR.DLL
;;;;KBDGR1.DLL
;;;;KBDGRLND.DLL
;;;;KBDGTHC.DLL
;;;;KBDHAU.DLL
;;;;KBDHAW.DLL
;;;;KBDHE.DLL
;;;;KBDHE220.DLL
;;;;KBDHE319.DLL
;;;;KBDHEB.DLL
;;;;KBDHELA2.DLL
;;;;KBDHELA3.DLL
;;;;KBDHEPT.DLL
;;;;KBDHU.DLL
;;;;KBDHU1.DLL
;;;;KBDIBO.DLL
;;;;KBDIC.DLL
;;;;KBDINASA.DLL
;;;;KBDINBE1.DLL
;;;;KBDINBE2.DLL
;;;;KBDINBEN.DLL
;;;;KBDINDEV.DLL
;;;;KBDINEN.DLL
;;;;KBDINGUJ.DLL
;;;;KBDINHIN.DLL
;;;;KBDINKAN.DLL
;;;;KBDINMAL.DLL
;;;;KBDINMAR.DLL
;;;;KBDINORI.DLL
;;;;KBDINPUN.DLL
;;;;KBDINTAM.DLL
;;;;KBDINTEL.DLL
;;;;KBDINUK2.DLL
;;;;KBDIR.DLL
;;;;KBDIT.DLL
;;;;KBDIT142.DLL
;;;;KBDIULAT.DLL
;;;;KBDJAV.DLL
;;;;KBDJPN.DLL
;;;;KBDKAZ.DLL
;;;;KBDKHMR.DLL
;;;;KBDKNI.DLL
;;;;KBDKOR.DLL
;;;;KBDKURD.DLL
;;;;KBDKYR.DLL
;;;;KBDLA.DLL
;;;;KBDLAO.DLL
;;;;KBDLT.DLL
;;;;KBDLT1.DLL
;;;;KBDLT2.DLL
;;;;KBDLV.DLL
;;;;KBDLV1.DLL
;;;;KBDLVST.DLL
;;;;KBDMAC.DLL
;;;;KBDMACST.DLL
;;;;KBDMAORI.DLL
;;;;KBDMLT47.DLL
;;;;KBDMLT48.DLL
;;;;KBDMON.DLL
;;;;KBDMONMO.DLL
;;;;KBDMONST.DLL
;;;;KBDMYAN.DLL
;;;;KBDNE.DLL
;;;;KBDNEPR.DLL
;;;;KBDNO.DLL
;;;;KBDNO1.DLL
;;;;KBDNSO.DLL
;;;;KBDNTL.DLL
;;;;KBDOGHAM.DLL
;;;;KBDOLCH.DLL
;;;;KBDOLDIT.DLL
;;;;KBDOSA.DLL
;;;;KBDOSM.DLL
;;;;KBDPASH.DLL
;;;;KBDPL.DLL
;;;;KBDPL1.DLL
;;;;KBDPO.DLL
;;;;KBDRO.DLL
;;;;KBDROPR.DLL
;;;;KBDROST.DLL
;;;;KBDRU.DLL
;;;;KBDRU1.DLL
;;;;KBDRUM.DLL
;;;;KBDSF.DLL
;;;;KBDSG.DLL
;;;;KBDSL.DLL
;;;;KBDSL1.DLL
;;;;KBDSMSFI.DLL
;;;;KBDSMSNO.DLL
;;;;KBDSN1.DLL
;;;;KBDSORA.DLL
;;;;KBDSOREX.DLL
;;;;KBDSORS1.DLL
;;;;KBDSORST.DLL
;;;;KBDSP.DLL
;;;;KBDSW.DLL
;;;;KBDSW09.DLL
;;;;KBDSYR1.DLL
;;;;KBDSYR2.DLL
;;;;KBDTAILE.DLL
;;;;KBDTAJIK.DLL
;;;;KBDTAM99.DLL
;;;;KBDTAT.DLL
;;;;KBDTH0.DLL
;;;;KBDTH1.DLL
;;;;KBDTH2.DLL
;;;;KBDTH3.DLL
;;;;KBDTIFI.DLL
;;;;KBDTIFI2.DLL
;;;;KBDTIPRC.DLL
;;;;KBDTIPRD.DLL
;;;;KBDTT102.DLL
;;;;KBDTUF.DLL
;;;;KBDTUQ.DLL
;;;;KBDTURME.DLL
;;;;KBDTZM.DLL
;;;;KBDUGHR.DLL
;;;;KBDUGHR1.DLL
;;;;KBDUK.DLL
;;;;KBDUKX.DLL
;;;;KBDUR.DLL
;;;;KBDUR1.DLL
;;;;KBDURDU.DLL
;;;;KBDUS.DLL
;;;;KBDUSA.DLL
;;;;KBDUSL.DLL
;;;;KBDUSR.DLL
;;;;KBDUSX.DLL
;;;;KBDUZB.DLL
;;;;KBDVNTC.DLL
;;;;KBDWOL.DLL
;;;;KBDYAK.DLL
;;;;KBDYBA.DLL
;;;;KBDYCC.DLL
;;;;KBDYCL.DLL
;;;;KdsCli.dll
;;;;KerbClientShared.dll
;;;;KernelBase.dll
;;;;KeyCredMgr.dll
;;;;KeyboardFilterCore.dll
;;;;KeyboardFilterManager.dll
;;;;KeyboardFilterShim.dll
;;;;KeyboardFilterSvc.dll
;;;;KeyboardSystemToastIcon.contrast-white.png
;;;;KeyboardSystemToastIcon.png
;;;;KeywordDetectorMsftSidAdapter.dll
;;;;Keywords
;;;;KnobsCore.dll
;;;;KnobsCsp.dll
;;;;Kswdmcap.ax
;;;;L2SecHC.dll
;;;;LAPRXY.DLL
;;;;LSCSHostPolicy.dll
;;;;LangCleanupSysprepAction.dll
;;;;LanguageComponentsInstaller.dll
;;;;LanguageComponentsInstallerComHandler.exe
;;;;LanguageOverlayServer.dll
;;;;LanguageOverlayUtil.dll
;;;;LanguagePackDiskCleanup.dll
;;;;LanguagePackManagementCSP.dll
;;;;LaptopPlugInToastImg.gif
;;;;LargeRoom.bin
;;;;LaunchTM.exe
;;;;LaunchWinApp.exe
;;;;LegacyNetUX.dll
;;;;LegacyNetUXHost.exe
;;;;LegacySystemSettings.dll
;;;;LicenseManager.dll
;;;;LicenseManagerApi.dll
;;;;LicenseManagerShellext.exe
;;;;LicenseManagerSvc.dll
;;;;Licenses
;;;;LicensingCSP.dll
;;;;LicensingDiagSpp.dll
;;;;LicensingUI.exe
;;;;LicensingWinRT.dll
;;;;ListSvc.dll
;;;;LocationApi.dll
;;;;LocationFramework.dll
;;;;LocationFrameworkInternalPS.dll
;;;;LocationFrameworkPS.dll
;;;;LocationNotificationWindows.exe
;;;;LocationWinPalMisc.dll
;;;;Locator.exe
;;;;LockAppBroker.dll
;;;;LockAppHost.exe
;;;;LockController.dll
;;;;LockHostingFramework.dll
;;;;LockScreenContent.dll
;;;;LockScreenContentHost.dll
;;;;LockScreenContentServer.exe
;;;;LockScreenData.dll
;;;;LogFiles
;;;;LogonController.dll
;;;;LogonUI.exe
;;;;Logs
;;;;LsaIso.exe
;;;;MBMediaManager.dll
;;;;MBR2GPT.EXE
;;;;MCCSEngineShared.dll
;;;;MCCSPal.dll
;;;;MCRecvSrc.dll
;;;;MDEServer.exe
;;;;MDMAgent.exe
;;;;MDMAppInstaller.exe
;;;;MFCaptureEngine.dll
;;;;MFMediaEngine.dll
;;;;MFPlay.dll
;;;;MFWMAAEC.DLL
;;;;MMDevAPI.dll
;;;;MP3DMOD.DLL
;;;;MP43DECD.DLL
;;;;MP4SDECD.DLL
;;;;MPG4DECD.DLL
;;;;MPSSVC.dll
;;;;MRINFO.EXE
;;;;MRT
;;;;MRT.exe
;;;;MSAC3ENC.DLL
;;;;MSAJApi.dll
;;;;MSAMRNBDecoder.dll
;;;;MSAMRNBEncoder.dll
;;;;MSAMRNBSink.dll
;;;;MSAMRNBSource.dll
;;;;MSAProfileNotificationHandler.dll
;;;;MSAlacDecoder.dll
;;;;MSAlacEncoder.dll
;;;;MSAudDecMFT.dll
;;;;MSDRM
;;;;MSDvbNP.ax
;;;;MSFlacDecoder.dll
;;;;MSFlacEncoder.dll
;;;;MSHEIF.dll
;;;;MSMPEG2ENC.DLL
;;;;MSNP.ax
;;;;MSOpusDecoder.dll
;;;;MSPhotography.dll
;;;;MSRAWImage.dll
;;;;MSVP9DEC.dll
;;;;MSVPXENC.dll
;;;;MSVidCtl.dll
;;;;MSVideoDSP.dll
;;;;MSWB7.dll
;;;;MSWebp.dll
;;;;MSchedExe.exe
;;;;MTF.dll
;;;;MTFAppServiceDS.dll
;;;;MTFFuzzyDS.dll
;;;;MTFServer.dll
;;;;MTFSpellcheckDS.dll
;;;;MUI
;;;;MUILanguageCleanup.dll
;;;;Magnification.dll
;;;;Magnify.exe
;;;;MailContactsCalendarSync
;;;;MaintenanceUI.dll
;;;;ManageCI.dll
;;;;MapConfiguration.dll
;;;;MapControlCore.dll
;;;;MapControlStringsRes.dll
;;;;MapGeocoder.dll
;;;;MapRouter.dll
;;;;MapsBtSvc.dll
;;;;MapsBtSvcProxy.dll
;;;;MapsCSP.dll
;;;;MapsStore.dll
;;;;MaxxAudioCapture64.dll
;;;;MaxxAudioRender64.dll
;;;;MaxxAudioRenderAVX64.dll
;;;;MbaeApi.dll
;;;;MbaeApiPublic.dll
;;;;MbaeParserTask.exe
;;;;MbaeXmlParser.dll
;;;;McpManagementProxy.dll
;;;;McpManagementService.dll
;;;;MdRes.exe
;;;;MdSched.exe
;;;;MdmCommon.dll
;;;;MdmDiagnostics.dll
;;;;MdmDiagnosticsTool.exe
;;;;MediaFoundation.DefaultPerceptionProvider.dll
;;;;MediaSystemToastIcon.contrast-white.png
;;;;MediaSystemToastIcon.png
;;;;MediumRoom.bin
;;;;MemoryDiagnostic.dll
;;;;MessagingDataModel2.dll
;;;;MessagingService.dll
;;;;Microsoft
;;;;Microsoft-Windows-AppModelExecEvents.dll
;;;;Microsoft-Windows-Internal-Shell-NearShareExperience.dll
;;;;Microsoft-Windows-MapControls.dll
;;;;Microsoft-Windows-MosHost.dll
;;;;Microsoft-WindowsPhone-SEManagementProvider.dll
;;;;Microsoft.Bluetooth.Proxy.dll
;;;;Microsoft.Bluetooth.Service.dll
;;;;Microsoft.Bluetooth.UserService.dll
;;;;Microsoft.Graphics.Display.DisplayEnhancementService.dll
;;;;Microsoft.LocalUserImageProvider.dll
;;;;Microsoft.Management.Infrastructure.Native.Unmanaged.dll
;;;;Microsoft.Uev.AgentDriverEvents.dll
;;;;Microsoft.Uev.AppAgent.dll
;;;;Microsoft.Uev.CabUtil.dll
;;;;Microsoft.Uev.CmUtil.dll
;;;;Microsoft.Uev.Common.WinRT.dll
;;;;Microsoft.Uev.Common.dll
;;;;Microsoft.Uev.CommonBridge.dll
;;;;Microsoft.Uev.ConfigWrapper.dll
;;;;Microsoft.Uev.CscUnpinTool.exe
;;;;Microsoft.Uev.EventLogMessages.dll
;;;;Microsoft.Uev.LocalSyncProvider.dll
;;;;Microsoft.Uev.ManagedEventLogging.dll
;;;;Microsoft.Uev.Management.WmiAccess.dll
;;;;Microsoft.Uev.Management.dll
;;;;Microsoft.Uev.ModernAppAgent.dll
;;;;Microsoft.Uev.ModernAppCore.dll
;;;;Microsoft.Uev.ModernAppData.WinRT.dll
;;;;Microsoft.Uev.ModernSync.dll
;;;;Microsoft.Uev.MonitorSyncProvider.dll
;;;;Microsoft.Uev.Office2010CustomActions.dll
;;;;Microsoft.Uev.Office2013CustomActions.dll
;;;;Microsoft.Uev.PrinterCustomActions.dll
;;;;Microsoft.Uev.SmbSyncProvider.dll
;;;;Microsoft.Uev.SyncCommon.dll
;;;;Microsoft.Uev.SyncConditions.dll
;;;;Microsoft.Uev.SyncController.exe
;;;;MicrosoftAccountCloudAP.dll
;;;;MicrosoftAccountExtension.dll
;;;;MicrosoftAccountTokenProvider.dll
;;;;MicrosoftAccountWAMExtension.dll
;;;;MicrosoftEdgeBCHost.exe
;;;;MicrosoftEdgeCP.exe
;;;;MicrosoftEdgeDevTools.exe
;;;;MicrosoftEdgeSH.exe
;;;;MinstoreEvents.dll
;;;;MiracastInputMgr.dll
;;;;MiracastReceiver.dll
;;;;MiracastReceiverExt.dll
;;;;MirrorDrvCompat.dll
;;;;MitigationClient.dll
;;;;MitigationConfiguration.dll
;;;;MixedReality.Broker.dll
;;;;MixedRealityCapture.Pipeline.dll
;;;;MixedRealityRuntime.dll
;;;;MixedRealityRuntime.json
;;;;MoUsoCoreWorker.exe
;;;;MosHostClient.dll
;;;;MosStorage.dll
;;;;MouseSystemToastIcon.contrast-white.png
;;;;MouseSystemToastIcon.png
;;;;Mpeg2Data.ax
;;;;MrmCoreR.dll
;;;;MrmDeploy.dll
;;;;MrmIndexer.dll
;;;;MsCtfMonitor.dll
;;;;MsDtc
;;;;MsRdpWebAccess.dll
;;;;MsSpellCheckingFacility.dll
;;;;MsSpellCheckingHost.exe
;;;;MsftOemDllIgneous.dll
;;;;MshtmlDac.dll
;;;;MsiCofire.dll
;;;;MsraLegacy.tlb
;;;;MtcModel.dll
;;;;MtfDecoder.dll
;;;;MuiUnattend.exe
;;;;MultiChannelWoV.dll
;;;;MultiDigiMon.exe
;;;;MultichannelWoVCfg.dll
;;;;MusNotification.exe
;;;;MusNotificationUx.exe
;;;;MusNotifyIcon.exe
;;;;MusUpdateHandlers.dll
;;;;Mystify.scr
;;;;NAPCRYPT.DLL
;;;;NDF
;;;;NDKPing.exe
;;;;NETSTAT.EXE
;;;;NFCProvisioningPlugin.dll
;;;;NOISE.DAT
;;;;NPSM.dll
;;;;NPSMDesktopProvider.dll
;;;;NapiNSP.dll
;;;;Narrator.exe
;;;;NarratorControlTemplates.xml
;;;;NaturalAuth.dll
;;;;NaturalAuthClient.dll
;;;;NaturalLanguage6.dll
;;;;NcaApi.dll
;;;;NcaSvc.dll
;;;;NcdAutoSetup.dll
;;;;NcdProp.dll
;;;;NdfEventView.xml
;;;;NetCellcoreCellManagerProviderResources.dll
;;;;NetCfgNotifyObjectHost.exe
;;;;NetDriverInstall.dll
;;;;NetEvtFwdr.exe
;;;;NetHost.exe
;;;;NetMgmtIF.dll
;;;;NetSetupApi.dll
;;;;NetSetupEngine.dll
;;;;NetSetupShim.dll
;;;;NetSetupSvc.dll
;;;;NetTrace.PLA.Diagnostics.xml
;;;;Netplwiz.exe
;;;;NetworkBindingEngineMigPlugin.dll
;;;;NetworkCollectionAgent.dll
;;;;NetworkDesktopSettings.dll
;;;;NetworkIcon.dll
;;;;NetworkMobileSettings.dll
;;;;NetworkProxyCsp.dll
;;;;NetworkQoSPolicyCSP.dll
;;;;NetworkStatus.dll
;;;;NetworkUXBroker.dll
;;;;NfcRadioMedia.dll
;;;;NgcCtnr.dll
;;;;NgcCtnrGidsHandler.dll
;;;;NgcCtnrSvc.dll
;;;;NgcIso.exe
;;;;NgcIsoCtnr.dll
;;;;NgcProCsp.dll
;;;;NlsData0000.dll
;;;;NlsData000c.dll
;;;;NlsLexicons000c.dll
;;;;Nlsdl.dll
;;;;NmaDirect.dll
;;;;NotificationController.dll
;;;;NotificationControllerPS.dll
;;;;NtlmShared.dll
;;;;Nui
;;;;NvAgent.dll
;;;;OEMDefaultAssociations.dll
;;;;OEMDefaultAssociations.xml
;;;;OcpUpdateAgent.dll
;;;;OkDone_80.contrast-black.png
;;;;OkDone_80.contrast-white.png
;;;;OkDone_80.png
;;;;OmaDmAgent.dll
;;;;OnDemandBrokerClient.dll
;;;;OnDemandConnRouteHelper.dll
;;;;OneBackupHandler.dll
;;;;OneCoreCommonProxyStub.dll
;;;;OneCoreUAPCommonProxyStub.dll
;;;;OneDriveSettingSyncProvider.dll
;;;;OneSettingsClient.dll
;;;;OpcServices.dll
;;;;OpenCL.dll
;;;;OpenSSH
;;;;OpenWith.exe
;;;;Optane.dll
;;;;OptaneEventLogMsg.dll
;;;;OptionalFeatures.exe
;;;;OskSupport.dll
;;;;OutdoorAudioEnvironment.bin
;;;;P2P.dll
;;;;P2PGraph.dll
;;;;PATHPING.EXE
;;;;PCPKsp.dll
;;;;PCShellCommonProxyStub.dll
;;;;PING.EXE
;;;;PNPXAssoc.dll
;;;;PNPXAssocPrx.dll
;;;;POSyncServices.dll
;;;;PSHED.DLL
;;;;PSModuleDiscoveryProvider.dll
;;;;PackageInspector.exe
;;;;PackageStateChangeHandler.dll
;;;;PackageStateRoaming.dll
;;;;PackagedCWALauncher.exe
;;;;PasswordEnrollmentManager.dll
;;;;PasswordOnWakeSettingFlyout.exe
;;;;PayloadRestrictions.dll
;;;;PaymentMediatorServiceProxy.dll
;;;;PeerDist.dll
;;;;PeerDistAD.dll
;;;;PeerDistCacheProvider.dll
;;;;PeerDistCleaner.dll
;;;;PeerDistHttpTrans.dll
;;;;PeerDistSh.dll
;;;;PeerDistSvc.dll
;;;;PeerDistWSDDiscoProv.dll
;;;;PeopleAPIs.dll
;;;;PeopleBand.dll
;;;;PerceptionDevice.dll
;;;;PerceptionSimulation
;;;;PerceptionSimulation.ProxyStubs.dll
;;;;PerceptionSimulationExtensions.dll
;;;;PerceptionSimulationManager.dll
;;;;PerfStringBackup.INI
;;;;PersonalizationCSP.dll
;;;;PhoneCallHistoryApis.dll
;;;;PhoneOm.dll
;;;;PhonePlatformAbstraction.dll
;;;;PhoneProviders.dll
;;;;PhoneService.dll
;;;;PhoneServiceRes.dll
;;;;PhoneSystemToastIcon.contrast-white.png
;;;;PhoneSystemToastIcon.png
;;;;Phoneutil.dll
;;;;PhoneutilRes.dll
;;;;PhotoMetadataHandler.dll
;;;;PhotoScreensaver.scr
;;;;PickerHost.exe
;;;;PickerPlatform.dll
;;;;PimIndexMaintenance.dll
;;;;PimIndexMaintenanceClient.dll
;;;;Pimstore.dll
;;;;PinEnrollmentBroker.exe
;;;;PinEnrollmentHelper.dll
;;;;PkgMgr.exe
;;;;PktMon.exe
;;;;PktMonApi.dll
;;;;PlaySndSrv.dll
;;;;PlayToDevice.dll
;;;;PlayToManager.dll
;;;;PlayToReceiver.dll
;;;;PlayToStatusProvider.dll
;;;;PnPUnattend.exe
;;;;Pnrphc.dll
;;;;PointOfService
;;;;PortableDeviceApi.dll
;;;;PortableDeviceClassExtension.dll
;;;;PortableDeviceConnectApi.dll
;;;;PortableDeviceStatus.dll
;;;;PortableDeviceSyncProvider.dll
;;;;PortableDeviceTypes.dll
;;;;PortableDeviceWiaCompat.dll
;;;;PresentationHost.exe
;;;;PresentationHostProxy.dll
;;;;PresentationSettings.exe
;;;;Print.PrintSupport.Source.dll
;;;;Print.Workflow.Source.dll
;;;;PrintBrmUi.exe
;;;;PrintIsolationHost.exe
;;;;PrintIsolationProxy.dll
;;;;PrintPlatformConfig.dll
;;;;PrintRenderAPIHost.DLL
;;;;PrintWSDAHost.dll
;;;;PrintWorkflowService.dll
;;;;PrinterCleanupTask.dll
;;;;Printing_Admin_Scripts
;;;;ProductEnumerator.dll
;;;;ProvPluginEng.dll
;;;;ProvSysprep.dll
;;;;ProvisioningHandlers.dll
;;;;ProximityCommon.dll
;;;;ProximityCommonPal.dll
;;;;ProximityRtapiPal.dll
;;;;ProximityService.dll
;;;;ProximityServicePal.dll
;;;;ProximityToast
;;;;ProximityUxHost.exe
;;;;PsmServiceExtHost.dll
;;;;PushToInstall.dll
;;;;QualityUpdateAssistant.dll
;;;;Query.dll
;;;;QuickActionsDataModel.dll
;;;;QuietHours.dll
;;;;RADCUI.dll
;;;;RASMM.dll
;;;;RCoInstII64.dll
;;;;RDSAppXHelper.dll
;;;;RDXService.dll
;;;;RDXTaskFactory.dll
;;;;RESAMPLEDMO.DLL
;;;;RMActivate.exe
;;;;RMActivate_isv.exe
;;;;RMActivate_ssp.exe
;;;;RMActivate_ssp_isv.exe
;;;;RMSRoamingSecurity.dll
;;;;RMapi.dll
;;;;ROUTE.EXE
;;;;RTCOM
;;;;RTCOM64.dll
;;;;RTHDASIO64.dll
;;;;RTMediaFrame.dll
;;;;RTSnMg64.cpl
;;;;RTWorkQ.dll
;;;;RacEngn.dll
;;;;RasMediaManager.dll
;;;;RasToast
;;;;RdpRelayTransport.dll
;;;;RdpSa.exe
;;;;RdpSaProxy.exe
;;;;RdpSaPs.dll
;;;;RdpSaUacHelper.exe
;;;;ReAgent.dll
;;;;ReAgentTask.dll
;;;;ReAgentc.exe
;;;;ReInfo.dll
;;;;Recovery
;;;;RecoveryDrive.exe
;;;;RegCtrl.dll
;;;;Register-CimProvider.exe
;;;;RelPost.exe
;;;;RemoteAppLifetimeManager.exe
;;;;RemoteAppLifetimeManagerProxyStub.dll
;;;;RemoteFileBrowse.dll
;;;;RemotePosWorker.exe
;;;;RemoteSystemToastIcon.contrast-white.png
;;;;RemoteSystemToastIcon.png
;;;;RemoteWipeCSP.dll
;;;;RemovableMediaProvisioningPlugin.dll
;;;;RemoveDeviceContextHandler.dll
;;;;RemoveDeviceElevated.dll
;;;;ReportingCSP.dll
;;;;ResBParser.dll
;;;;ResPriHMImageList
;;;;ResPriHMImageListLowCost
;;;;ResPriImageList
;;;;ResPriImageListLowCost
;;;;ResetEngOnline.dll
;;;;ResetEngine.dll
;;;;ResetEngine.exe
;;;;ResourceMapper.dll
;;;;ResourcePolicyClient.dll
;;;;ResourcePolicyServer.dll
;;;;RestartManager.mof
;;;;RestartManagerUninstall.mof
;;;;RestartNowPower_80.contrast-black.png
;;;;RestartNowPower_80.contrast-white.png
;;;;RestartNowPower_80.png
;;;;RestartTonight_80.png
;;;;RestartTonight_80_contrast-black.png
;;;;RestartTonight_80_contrast-white.png
;;;;Ribbons.scr
;;;;RjvMDMConfig.dll
;;;;RltkAPO64.dll
;;;;RmClient.exe
;;;;RoamingSecurity.dll
;;;;Robocopy.exe
;;;;RotMgr.dll
;;;;RpcEpMap.dll
;;;;RpcNs4.dll
;;;;RpcPing.exe
;;;;RpcRtRemote.dll
;;;;RstMwEventLogMsg.dll
;;;;RstrtMgr.dll
;;;;RtDataProc64.dll
;;;;RtPgEx64.dll
;;;;RtkApi64.dll
;;;;RtkCfg64.dll
;;;;RtkCoLDR64.dll
;;;;RtlCPAPI64.dll
;;;;RuleBasedDS.dll
;;;;RunLegacyCPLElevated.exe
;;;;RuntimeBroker.exe
;;;;SCardBi.dll
;;;;SCardDlg.dll
;;;;SCardSvr.dll
;;;;SDDS.dll
;;;;SDFHost.dll
;;;;SEMgrPS.dll
;;;;SEMgrSvc.dll
;;;;SHCore.dll
;;;;SIHClient.exe
;;;;SMBHelperClass.dll
;;;;SMI
;;;;SRH.dll
;;;;SSShim.dll
;;;;SafenetMD.dll
;;;;ScDeviceEnum.dll
;;;;ScanPlugin.dll
;;;;ScavengeSpace.xml
;;;;ScheduleTime_80.contrast-black.png
;;;;ScheduleTime_80.contrast-white.png
;;;;ScheduleTime_80.png
;;;;ScriptRunner.exe
;;;;Search.ProtocolHandler.MAPI2.dll
;;;;SearchFilterHost.exe
;;;;SearchFolder.dll
;;;;SearchIndexer.exe
;;;;SearchProtocolHost.exe
;;;;SebBackgroundManagerPolicy.dll
;;;;SecConfig.efi
;;;;SecEdit.exe
;;;;SecureAssessmentHandlers.dll
;;;;SecureBootUpdates
;;;;SecureTimeAggregator.dll
;;;;SecurityAndMaintenance.png
;;;;SecurityAndMaintenance_Alert.png
;;;;SecurityAndMaintenance_Error.png
;;;;SecurityCenterBroker.dll
;;;;SecurityCenterBrokerPS.dll
;;;;SecurityHealthAgent.dll
;;;;SecurityHealthHost.exe
;;;;SecurityHealthProxyStub.dll
;;;;SecurityHealthSSO.dll
;;;;SecurityHealthService.exe
;;;;SecurityHealthSystray.exe
;;;;Sens.dll
;;;;SensApi.dll
;;;;SensorDataService.exe
;;;;SensorPerformanceEvents.dll
;;;;SensorService.dll
;;;;SensorsApi.dll
;;;;SensorsClassExtension.dll
;;;;SensorsCpl.dll
;;;;SensorsNativeApi.V2.dll
;;;;SensorsNativeApi.dll
;;;;SensorsUtilsV2.dll
;;;;ServicingUAPI.dll
;;;;SessEnv.dll
;;;;SetNetworkLocation.dll
;;;;SetNetworkLocationFlyout.dll
;;;;SetProxyCredential.dll
;;;;SettingMonitor.dll
;;;;SettingSync.dll
;;;;SettingSyncCore.dll
;;;;SettingSyncDownloadHelper.dll
;;;;SettingSyncHost.exe
;;;;SettingsEnvironment.Desktop.dll
;;;;SettingsExtensibilityHandlers.dll
;;;;SettingsHandlers_Accessibility.dll
;;;;SettingsHandlers_AnalogShell.dll
;;;;SettingsHandlers_AppControl.dll
;;;;SettingsHandlers_AppExecutionAlias.dll
;;;;SettingsHandlers_AssignedAccess.dll
;;;;SettingsHandlers_Authentication.dll
;;;;SettingsHandlers_BackgroundApps.dll
;;;;SettingsHandlers_BatteryUsage.dll
;;;;SettingsHandlers_BrowserDeclutter.dll
;;;;SettingsHandlers_CapabilityAccess.dll
;;;;SettingsHandlers_Clipboard.dll
;;;;SettingsHandlers_ClosedCaptioning.dll
;;;;SettingsHandlers_ContentDeliveryManager.dll
;;;;SettingsHandlers_Cortana.dll
;;;;SettingsHandlers_Devices.dll
;;;;SettingsHandlers_Display.dll
;;;;SettingsHandlers_Flights.dll
;;;;SettingsHandlers_Fonts.dll
;;;;SettingsHandlers_ForceSync.dll
;;;;SettingsHandlers_Gaming.dll
;;;;SettingsHandlers_Geolocation.dll
;;;;SettingsHandlers_Gpu.dll
;;;;SettingsHandlers_HoloLens_Environment.dll
;;;;SettingsHandlers_IME.dll
;;;;SettingsHandlers_InkingTypingPrivacy.dll
;;;;SettingsHandlers_InputPersonalization.dll
;;;;SettingsHandlers_Language.dll
;;;;SettingsHandlers_ManagePhone.dll
;;;;SettingsHandlers_Maps.dll
;;;;SettingsHandlers_Mouse.dll
;;;;SettingsHandlers_Notifications.dll
;;;;SettingsHandlers_OneCore_BatterySaver.dll
;;;;SettingsHandlers_OneCore_PowerAndSleep.dll
;;;;SettingsHandlers_OneDriveBackup.dll
;;;;SettingsHandlers_OptionalFeatures.dll
;;;;SettingsHandlers_PCDisplay.dll
;;;;SettingsHandlers_Pen.dll
;;;;SettingsHandlers_QuickActions.dll
;;;;SettingsHandlers_Region.dll
;;;;SettingsHandlers_SIUF.dll
;;;;SettingsHandlers_SharedExperiences_Rome.dll
;;;;SettingsHandlers_SpeechPrivacy.dll
;;;;SettingsHandlers_Startup.dll
;;;;SettingsHandlers_StorageSense.dll
;;;;SettingsHandlers_Troubleshoot.dll
;;;;SettingsHandlers_User.dll
;;;;SettingsHandlers_UserAccount.dll
;;;;SettingsHandlers_UserExperience.dll
;;;;SettingsHandlers_WorkAccess.dll
;;;;SettingsHandlers_nt.dll
;;;;Sgrm
;;;;SgrmBroker.exe
;;;;SgrmEnclave.dll
;;;;SgrmEnclave_secure.dll
;;;;SgrmLpac.exe
;;;;ShareHost.dll
;;;;SharedPCCSP.dll
;;;;SharedRealitySvc.dll
;;;;ShellAppRuntime.exe
;;;;ShellCommonCommonProxyStub.dll
;;;;ShellExperiences
;;;;ShiftJIS.uce
;;;;SimAuth.dll
;;;;SimCfg.dll
;;;;SleepStudy
;;;;SlideToShutDown.exe
;;;;SmallRoom.bin
;;;;SmartCardBackgroundPolicy.dll
;;;;SmartCardSimulator.dll
;;;;SmartcardCredentialProvider.dll
;;;;SmiEngine.dll
;;;;SmsRouterSvc.dll
;;;;SndVol.exe
;;;;SndVolSSO.dll
;;;;SnippingTool.exe
;;;;Snooze_80.contrast-black.png
;;;;Snooze_80.contrast-white.png
;;;;Snooze_80.png
;;;;SortServer2003Compat.dll
;;;;SortWindows61.dll
;;;;SortWindows62.dll
;;;;SortWindows64.dll
;;;;SortWindows6Compat.dll
;;;;SpaceAgent.exe
;;;;SpaceControl.dll
;;;;SpatialAudioLicenseSrv.exe
;;;;SpatialStore.dll
;;;;SpatializerApo.dll
;;;;SpeakersSystemToastIcon.contrast-white.png
;;;;SpeakersSystemToastIcon.png
;;;;Spectrum.exe
;;;;SpectrumSyncClient.dll
;;;;Speech
;;;;SpeechPal.dll
;;;;Speech_OneCore
;;;;SpoolerApplet.dalp
;;;;SppExtComObj.Exe
;;;;SrEvents.dll
;;;;SrTasks.exe
;;;;SrpUxNativeSnapIn.dll
;;;;StartTileData.dll
;;;;Startupscan.dll
;;;;StateRepository.Core.dll
;;;;StorSvc.dll
;;;;StorageContextHandler.dll
;;;;StorageUsage.dll
;;;;Storprop.dll
;;;;StringFeedbackEngine.dll
;;;;StructuredQuery.dll
;;;;SubRange.uce
;;;;SvBannerBackground.png
;;;;SwitcherDataModel.dll
;;;;SyncAppvPublishingServer.exe
;;;;SyncAppvPublishingServer.vbs
;;;;SyncCenter.dll
;;;;SyncController.dll
;;;;SyncHost.exe
;;;;SyncHostps.dll
;;;;SyncInfrastructure.dll
;;;;SyncInfrastructureps.dll
;;;;SyncProxy.dll
;;;;SyncRes.dll
;;;;SyncSettings.dll
;;;;Syncreg.dll
;;;;SysFxUI.dll
;;;;SysResetErr.exe
;;;;Sysprep
;;;;SystemEventsBrokerClient.dll
;;;;SystemEventsBrokerServer.dll
;;;;SystemPropertiesAdvanced.exe
;;;;SystemPropertiesComputerName.exe
;;;;SystemPropertiesDataExecutionPrevention.exe
;;;;SystemPropertiesHardware.exe
;;;;SystemPropertiesPerformance.exe
;;;;SystemPropertiesProtection.exe
;;;;SystemPropertiesRemote.exe
;;;;SystemResetPlatform
;;;;SystemSettings.DataModel.dll
;;;;SystemSettings.DeviceEncryptionHandlers.dll
;;;;SystemSettings.Handlers.dll
;;;;SystemSettings.SettingsExtensibility.dll
;;;;SystemSettings.UserAccountsHandlers.dll
;;;;SystemSettingsAdminFlows.exe
;;;;SystemSettingsBroker.exe
;;;;SystemSettingsRemoveDevice.exe
;;;;SystemSettingsThresholdAdminFlowUI.dll
;;;;SystemSupportInfo.dll
;;;;SystemUWPLauncher.exe
;;;;TCPSVCS.EXE
;;;;TDLMigration.dll
;;;;TEEManagement.dll
;;;;TEEManagement64.dll
;;;;TRACERT.EXE
;;;;TSErrRedir.dll
;;;;TSSessionUX.dll
;;;;TSTheme.exe
;;;;TSWbPrxy.exe
;;;;TSWorkspace.dll
;;;;TSpkg.dll
;;;;TabSvc.dll
;;;;Tabbtn.dll
;;;;TabbtnEx.dll
;;;;TabletPC.cpl
;;;;TapiMigPlugin.dll
;;;;TapiSysprep.dll
;;;;TapiUnattend.exe
;;;;TaskApis.dll
;;;;TaskFlowDataEngine.dll
;;;;TaskSchdPS.dll
;;;;Taskmgr.exe
;;;;Tasks
;;;;TelephonyInteractiveUser.dll
;;;;TelephonyInteractiveUserRes.dll
;;;;TempSignedLicenseExchangeTask.dll
;;;;TenantRestrictionsPlugin.dll
;;;;TetheringIeProvider.dll
;;;;TetheringMgr.dll
;;;;TetheringStation.dll
;;;;TextInputFramework.dll
;;;;TextInputMethodFormatter.dll
;;;;TextShaping.dll
;;;;TgbCredProv.dll
;;;;Themes.SsfDownload.ScheduledTask.dll
;;;;ThirdPartyNoticesBySHS.txt
;;;;ThumbnailExtractionHost.exe
;;;;TieringEngineProxy.dll
;;;;TieringEngineService.exe
;;;;TileDataRepository.dll
;;;;TimeBrokerClient.dll
;;;;TimeBrokerServer.dll
;;;;TimeDateMUICallback.dll
;;;;TimeSyncTask.dll
;;;;TokenBroker.dll
;;;;TokenBrokerCookies.exe
;;;;TokenBrokerUI.dll
;;;;TpmCertResources.dll
;;;;TpmCoreProvisioning.dll
;;;;TpmEngUM.dll
;;;;TpmEngUM138.dll
;;;;TpmInit.exe
;;;;TpmTasks.dll
;;;;TpmTool.exe
;;;;TransformPPSToWlan.xslt
;;;;TransformPPSToWlanCredentials.xslt
;;;;TransliterationRanker.dll
;;;;TransportDSA.dll
;;;;TrustedSignalCredProv.dll
;;;;TsUsbGDCoInstaller.dll
;;;;TsUsbRedirectionGroupPolicyExtension.dll
;;;;TtlsAuth.dll
;;;;TtlsCfg.dll
;;;;TtlsExt.dll
;;;;UIAnimation.dll
;;;;UIAutomationCore.dll
;;;;UIManagerBrokerps.dll
;;;;UIMgrBroker.exe
;;;;UIRibbon.dll
;;;;UIRibbonRes.dll
;;;;UNP
;;;;UPPrinterInstaller.exe
;;;;UPPrinterInstallsCSP.dll
;;;;UXInit.dll
;;;;UefiCsp.dll
;;;;UevAgentPolicyGenerator.exe
;;;;UevAppMonitor.exe
;;;;UevAppMonitor.exe.config
;;;;UevCustomActionTypes.tlb
;;;;UevTemplateBaselineGenerator.exe
;;;;UevTemplateConfigItemGenerator.exe
;;;;UiaManager.dll
;;;;Unistore.dll
;;;;UpdateAgent.dll
;;;;UpdateDeploymentProvider.dll
;;;;UpdateHeartbeat.dll
;;;;UpgradeResultsUI.exe
;;;;UsbCApi.dll
;;;;UsbPmApi.dll
;;;;UsbSettingsHandlers.dll
;;;;UsbTask.dll
;;;;UserAccountBroker.exe
;;;;UserAccountControlSettings.dll
;;;;UserAccountControlSettings.exe
;;;;UserDataAccessRes.dll
;;;;UserDataAccountApis.dll
;;;;UserDataLanguageUtil.dll
;;;;UserDataPlatformHelperUtil.dll
;;;;UserDataService.dll
;;;;UserDataTimeUtil.dll
;;;;UserDataTypeHelperUtil.dll
;;;;UserDeviceRegistration.Ngc.dll
;;;;UserDeviceRegistration.dll
;;;;UserLanguageProfileCallback.dll
;;;;UserMgrProxy.dll
;;;;UshUpgradeService.exe
;;;;UsoClient.exe
;;;;UtcDecoderHost.exe
;;;;UtcManaged.dll
;;;;Utilman.exe
;;;;UvcModel.dll
;;;;VAN.dll
;;;;VBICodec.ax
;;;;VCardParser.dll
;;;;VEN2232.OLB
;;;;VIDRESZR.DLL
;;;;VPNv2CSP.dll
;;;;VSSVC.exe
;;;;Vault.dll
;;;;VaultCDS.dll
;;;;VaultCmd.exe
;;;;VaultRoaming.dll
;;;;VhfUm.dll
;;;;VideoHandlers.dll
;;;;VirtualMonitorManager.dll
;;;;VmApplicationHealthMonitorProxy.dll
;;;;VmChipset Third-Party Notices.txt
;;;;VmCrashDump.dll
;;;;VmDataStore.dll
;;;;VmEmulatedNic.dll
;;;;VmEmulatedStorage.dll
;;;;VmSynthNic.dll
;;;;VocabRoamingHandler.dll
;;;;VoiceActivationManager.dll
;;;;VoipRT.dll
;;;;VpnSohDesktop.dll
;;;;VrdUmed.dll
;;;;VscMgrPS.dll
;;;;Vxdif.dll
;;;;WABSyncProvider.dll
;;;;WCN
;;;;WDI
;;;;WEB.rs
;;;;WF.msc
;;;;WFDSConMgr.dll
;;;;WFDSConMgrSvc.dll
;;;;WFS.exe
;;;;WFSR.dll
;;;;WINSRPC.DLL
;;;;WLanConn.dll
;;;;WLanHC.dll
;;;;WMADMOD.DLL
;;;;WMADMOE.DLL
;;;;WMALFXGFXDSP.dll
;;;;WMASF.DLL
;;;;WMNetMgr.dll
;;;;WMPDMC.exe
;;;;WMPhoto.dll
;;;;WMSPDMOD.DLL
;;;;WMSPDMOE.DLL
;;;;WMVCORE.DLL
;;;;WMVDECOD.DLL
;;;;WMVENCOD.DLL
;;;;WMVSDECD.DLL
;;;;WMVSENCD.DLL
;;;;WMVXENCD.DLL
;;;;WPDShServiceObj.dll
;;;;WPDShextAutoplay.exe
;;;;WPDSp.dll
;;;;WPTaskScheduler.dll
;;;;WSClient.dll
;;;;WSCollect.exe
;;;;WSDApi.dll
;;;;WSDPrintProxy.DLL
;;;;WSDScanProxy.dll
;;;;WSHTCPIP.DLL
;;;;WSManHTTPConfig.exe
;;;;WSManMigrationPlugin.dll
;;;;WSReset.exe
;;;;WSTPager.ax
;;;;WUDFCoinstaller.dll
;;;;WUDFCompanionHost.exe
;;;;WUDFHost.exe
;;;;WUDFPlatform.dll
;;;;WUDFx.dll
;;;;WUDFx02000.dll
;;;;WWAHost.exe
;;;;WWanAPI.dll
;;;;WWanHC.dll
;;;;WaaSAssessment.dll
;;;;WaaSMedicAgent.exe
;;;;WaaSMedicCapsule.dll
;;;;WaaSMedicPS.dll
;;;;WaaSMedicSvc.dll
;;;;WalletBackgroundServiceProxy.dll
;;;;WalletProxy.dll
;;;;WalletService.dll
;;;;WallpaperHost.exe
;;;;WcnApi.dll
;;;;WcnEapAuthProxy.dll
;;;;WcnEapPeerProxy.dll
;;;;WcnNetsh.dll
;;;;WdfCoInstaller01009.dll
;;;;WdfCoInstaller01011.dll
;;;;WdsUnattendTemplate.xml
;;;;WebClnt.dll
;;;;WebRuntimeManager.dll
;;;;WebcamUi.dll
;;;;Websocket.dll
;;;;WerEnc.dll
;;;;WerFault.exe
;;;;WerFaultSecure.exe
;;;;WfHC.dll
;;;;WiFiCloudStore.dll
;;;;WiFiConfigSP.dll
;;;;WiFiDisplay.dll
;;;;WiaExtensionHost64.dll
;;;;WimBootCompress.ini
;;;;Win32AppSettingsProvider.dll
;;;;Win32CompatibilityAppraiserCSP.dll
;;;;Win32_DeviceGuard.dll
;;;;WinBioDataModel.dll
;;;;WinBioDataModelOOBE.exe
;;;;WinBioDatabase
;;;;WinBioPlugIns
;;;;WinFax.dll
;;;;WinHvEmulation.dll
;;;;WinHvPlatform.dll
;;;;WinMetadata
;;;;WinMsoIrmProtector.dll
;;;;WinOpcIrmProtector.dll
;;;;WinREAgent.dll
;;;;WinRTNetMUAHostServer.exe
;;;;WinRtTracing.dll
;;;;WinSAT.exe
;;;;WinSATAPI.dll
;;;;WinSCard.dll
;;;;WinSetupUI.dll
;;;;WinSync.dll
;;;;WinSyncMetastore.dll
;;;;WinSyncProviders.dll
;;;;WinTypes.dll
;;;;WindowManagement.dll
;;;;WindowManagementAPI.dll
;;;;Windows.AI.MachineLearning.Preview.dll
;;;;Windows.AI.MachineLearning.dll
;;;;Windows.AccountsControl.dll
;;;;Windows.ApplicationModel.Background.SystemEventsBroker.dll
;;;;Windows.ApplicationModel.Background.TimeBroker.dll
;;;;Windows.ApplicationModel.ConversationalAgent.dll
;;;;Windows.ApplicationModel.Core.dll
;;;;Windows.ApplicationModel.LockScreen.dll
;;;;Windows.ApplicationModel.Store.Preview.DOSettings.dll
;;;;Windows.ApplicationModel.Store.TestingFramework.dll
;;;;Windows.ApplicationModel.Store.dll
;;;;Windows.ApplicationModel.Wallet.dll
;;;;Windows.ApplicationModel.dll
;;;;Windows.CloudStore.Schema.DesktopShell.dll
;;;;Windows.CloudStore.Schema.Shell.dll
;;;;Windows.CloudStore.dll
;;;;Windows.Cortana.Desktop.dll
;;;;Windows.Cortana.OneCore.dll
;;;;Windows.Cortana.ProxyStub.dll
;;;;Windows.Data.Activities.dll
;;;;Windows.Data.Pdf.dll
;;;;Windows.Devices.AllJoyn.dll
;;;;Windows.Devices.Background.dll
;;;;Windows.Devices.Background.ps.dll
;;;;Windows.Devices.Bluetooth.dll
;;;;Windows.Devices.Custom.dll
;;;;Windows.Devices.Custom.ps.dll
;;;;Windows.Devices.Enumeration.dll
;;;;Windows.Devices.Haptics.dll
;;;;Windows.Devices.HumanInterfaceDevice.dll
;;;;Windows.Devices.Lights.dll
;;;;Windows.Devices.LowLevel.dll
;;;;Windows.Devices.Midi.dll
;;;;Windows.Devices.Perception.dll
;;;;Windows.Devices.Picker.dll
;;;;Windows.Devices.PointOfService.dll
;;;;Windows.Devices.Portable.dll
;;;;Windows.Devices.Printers.Extensions.dll
;;;;Windows.Devices.Printers.dll
;;;;Windows.Devices.Radios.dll
;;;;Windows.Devices.Scanners.dll
;;;;Windows.Devices.Sensors.dll
;;;;Windows.Devices.SerialCommunication.dll
;;;;Windows.Devices.SmartCards.Phone.dll
;;;;Windows.Devices.SmartCards.dll
;;;;Windows.Devices.Usb.dll
;;;;Windows.Devices.WiFi.dll
;;;;Windows.Devices.WiFiDirect.dll
;;;;Windows.Energy.dll
;;;;Windows.FileExplorer.Common.dll
;;;;Windows.Gaming.Input.dll
;;;;Windows.Gaming.Preview.dll
;;;;Windows.Gaming.UI.GameBar.dll
;;;;Windows.Gaming.XboxLive.Storage.dll
;;;;Windows.Globalization.Fontgroups.dll
;;;;Windows.Globalization.PhoneNumberFormatting.dll
;;;;Windows.Globalization.dll
;;;;Windows.Graphics.Display.BrightnessOverride.dll
;;;;Windows.Graphics.Display.DisplayEnhancementOverride.dll
;;;;Windows.Graphics.Printing.3D.dll
;;;;Windows.Graphics.Printing.Workflow.Native.dll
;;;;Windows.Graphics.Printing.Workflow.dll
;;;;Windows.Graphics.Printing.dll
;;;;Windows.Graphics.dll
;;;;Windows.Help.Runtime.dll
;;;;Windows.Internal.AdaptiveCards.XamlCardRenderer.dll
;;;;Windows.Internal.Bluetooth.dll
;;;;Windows.Internal.CapturePicker.Desktop.dll
;;;;Windows.Internal.CapturePicker.dll
;;;;Windows.Internal.Devices.Sensors.dll
;;;;Windows.Internal.Feedback.Analog.ProxyStub.dll
;;;;Windows.Internal.Feedback.Analog.dll
;;;;Windows.Internal.Graphics.Display.DisplayColorManagement.dll
;;;;Windows.Internal.Graphics.Display.DisplayEnhancementManagement.dll
;;;;Windows.Internal.Management.SecureAssessment.dll
;;;;Windows.Internal.Management.dll
;;;;Windows.Internal.PlatformExtension.DevicePickerExperience.dll
;;;;Windows.Internal.PlatformExtension.MiracastBannerExperience.dll
;;;;Windows.Internal.PredictionUnit.dll
;;;;Windows.Internal.Security.Attestation.DeviceAttestation.dll
;;;;Windows.Internal.SecurityMitigationsBroker.dll
;;;;Windows.Internal.Shell.Broker.dll
;;;;Windows.Internal.ShellCommon.Broker.dll
;;;;Windows.Internal.ShellCommon.PrintExperience.dll
;;;;Windows.Internal.Signals.dll
;;;;Windows.Internal.System.UserProfile.dll
;;;;Windows.Internal.Taskbar.dll
;;;;Windows.Internal.UI.BioEnrollment.ProxyStub.dll
;;;;Windows.Internal.UI.Logon.ProxyStub.dll
;;;;Windows.Internal.UI.Shell.WindowTabManager.dll
;;;;Windows.Management.EnrollmentStatusTracking.ConfigProvider.dll
;;;;Windows.Management.InprocObjects.dll
;;;;Windows.Management.ModernDeployment.ConfigProviders.dll
;;;;Windows.Management.Provisioning.ProxyStub.dll
;;;;Windows.Management.SecureAssessment.CfgProvider.dll
;;;;Windows.Management.SecureAssessment.Diagnostics.dll
;;;;Windows.Management.Service.dll
;;;;Windows.Management.Workplace.WorkplaceSettings.dll
;;;;Windows.Management.Workplace.dll
;;;;Windows.Media.Audio.dll
;;;;Windows.Media.BackgroundMediaPlayback.dll
;;;;Windows.Media.BackgroundPlayback.exe
;;;;Windows.Media.Devices.dll
;;;;Windows.Media.Editing.dll
;;;;Windows.Media.FaceAnalysis.dll
;;;;Windows.Media.Import.dll
;;;;Windows.Media.MediaControl.dll
;;;;Windows.Media.MixedRealityCapture.dll
;;;;Windows.Media.Ocr.dll
;;;;Windows.Media.Playback.BackgroundMediaPlayer.dll
;;;;Windows.Media.Playback.MediaPlayer.dll
;;;;Windows.Media.Playback.ProxyStub.dll
;;;;Windows.Media.Protection.PlayReady.dll
;;;;Windows.Media.Renewal.dll
;;;;Windows.Media.Speech.UXRes.dll
;;;;Windows.Media.Speech.dll
;;;;Windows.Media.Streaming.dll
;;;;Windows.Media.Streaming.ps.dll
;;;;Windows.Media.dll
;;;;Windows.Mirage.Internal.Capture.Pipeline.ProxyStub.dll
;;;;Windows.Mirage.Internal.dll
;;;;Windows.Mirage.dll
;;;;Windows.Networking.BackgroundTransfer.BackgroundManagerPolicy.dll
;;;;Windows.Networking.BackgroundTransfer.ContentPrefetchTask.dll
;;;;Windows.Networking.BackgroundTransfer.dll
;;;;Windows.Networking.Connectivity.dll
;;;;Windows.Networking.HostName.dll
;;;;Windows.Networking.NetworkOperators.ESim.dll
;;;;Windows.Networking.NetworkOperators.HotspotAuthentication.dll
;;;;Windows.Networking.Proximity.dll
;;;;Windows.Networking.ServiceDiscovery.Dnssd.dll
;;;;Windows.Networking.Sockets.PushEnabledApplication.dll
;;;;Windows.Networking.UX.EapRequestHandler.dll
;;;;Windows.Networking.Vpn.dll
;;;;Windows.Networking.XboxLive.ProxyStub.dll
;;;;Windows.Networking.dll
;;;;Windows.Payments.dll
;;;;Windows.Perception.Stub.dll
;;;;Windows.Security.Authentication.Identity.Provider.dll
;;;;Windows.Security.Authentication.OnlineId.dll
;;;;Windows.Security.Authentication.Web.Core.dll
;;;;Windows.Security.Credentials.UI.CredentialPicker.dll
;;;;Windows.Security.Credentials.UI.UserConsentVerifier.dll
;;;;Windows.Security.Integrity.dll
;;;;Windows.Services.TargetedContent.dll
;;;;Windows.SharedPC.AccountManager.dll
;;;;Windows.SharedPC.CredentialProvider.dll
;;;;Windows.Shell.BlueLightReduction.dll
;;;;Windows.Shell.ServiceHostBuilder.dll
;;;;Windows.Shell.StartLayoutPopulationEvents.dll
;;;;Windows.StateRepository.dll
;;;;Windows.StateRepositoryBroker.dll
;;;;Windows.StateRepositoryClient.dll
;;;;Windows.StateRepositoryCore.dll
;;;;Windows.StateRepositoryPS.dll
;;;;Windows.StateRepositoryUpgrade.dll
;;;;Windows.Storage.ApplicationData.dll
;;;;Windows.Storage.Compression.dll
;;;;Windows.Storage.OneCore.dll
;;;;Windows.Storage.Search.dll
;;;;Windows.System.Diagnostics.Telemetry.PlatformTelemetryClient.dll
;;;;Windows.System.Diagnostics.TraceReporting.PlatformDiagnosticActions.dll
;;;;Windows.System.Diagnostics.dll
;;;;Windows.System.Launcher.dll
;;;;Windows.System.Profile.HardwareId.dll
;;;;Windows.System.Profile.PlatformDiagnosticsAndUsageDataSettings.dll
;;;;Windows.System.Profile.RetailInfo.dll
;;;;Windows.System.Profile.SystemId.dll
;;;;Windows.System.Profile.SystemManufacturers.dll
;;;;Windows.System.RemoteDesktop.dll
;;;;Windows.System.SystemManagement.dll
;;;;Windows.System.UserDeviceAssociation.dll
;;;;Windows.System.UserProfile.DiagnosticsSettings.dll
;;;;Windows.UI.Accessibility.dll
;;;;Windows.UI.AppDefaults.dll
;;;;Windows.UI.BioFeedback.dll
;;;;Windows.UI.BlockedShutdown.dll
;;;;Windows.UI.Core.TextInput.dll
;;;;Windows.UI.Cred.dll
;;;;Windows.UI.CredDialogController.dll
;;;;Windows.UI.FileExplorer.dll
;;;;Windows.UI.Immersive.dll
;;;;Windows.UI.Input.Inking.Analysis.dll
;;;;Windows.UI.Input.Inking.dll
;;;;Windows.UI.Internal.Input.ExpressiveInput.Resource.dll
;;;;Windows.UI.Internal.Input.ExpressiveInput.dll
;;;;Windows.UI.Logon.dll
;;;;Windows.UI.NetworkUXController.dll
;;;;Windows.UI.PicturePassword.dll
;;;;Windows.UI.Search.dll
;;;;Windows.UI.Shell.Internal.AdaptiveCards.dll
;;;;Windows.UI.Shell.dll
;;;;Windows.UI.Storage.dll
;;;;Windows.UI.Xaml.Controls.dll
;;;;Windows.UI.Xaml.InkControls.dll
;;;;Windows.UI.Xaml.Maps.dll
;;;;Windows.UI.Xaml.Phone.dll
;;;;Windows.UI.Xaml.Resources.19h1.dll
;;;;Windows.UI.Xaml.Resources.Common.dll
;;;;Windows.UI.Xaml.Resources.rs1.dll
;;;;Windows.UI.Xaml.Resources.rs2.dll
;;;;Windows.UI.Xaml.Resources.rs3.dll
;;;;Windows.UI.Xaml.Resources.rs4.dll
;;;;Windows.UI.Xaml.Resources.rs5.dll
;;;;Windows.UI.Xaml.Resources.th.dll
;;;;Windows.UI.Xaml.Resources.win81.dll
;;;;Windows.UI.Xaml.Resources.win8rtm.dll
;;;;Windows.UI.Xaml.dll
;;;;Windows.UI.XamlHost.dll
;;;;Windows.UI.dll
;;;;Windows.WARP.JITService.dll
;;;;Windows.WARP.JITService.exe
;;;;Windows.Web.Diagnostics.dll
;;;;Windows.Web.Http.dll
;;;;Windows.Web.dll
;;;;WindowsActionDialog.exe
;;;;WindowsCodecs.dll
;;;;WindowsCodecsExt.dll
;;;;WindowsCodecsRaw.dll
;;;;WindowsCodecsRaw.txt
;;;;WindowsDefaultHeatProcessor.dll
;;;;WindowsHyperVCluster.V2.mof
;;;;WindowsHyperVClusterUninstall.mof
;;;;WindowsInternal.ComposableShell.ComposerFramework.dll
;;;;WindowsInternal.ComposableShell.DesktopHosting.dll
;;;;WindowsInternal.Shell.CompUiActivation.dll
;;;;WindowsIoTCsp.dll
;;;;WindowsManagementServiceWinRt.ProxyStub.dll
;;;;WindowsPowerShell
;;;;WindowsSecurityIcon.png
;;;;WindowsUpdateElevatedInstaller.exe
;;;;WindowsVirtualization.V2.mof
;;;;WindowsVirtualizationUninstall.mof
;;;;Winlangdb.dll
;;;;WiredNetworkCSP.dll
;;;;WlanMM.dll
;;;;WlanMediaManager.dll
;;;;WlanRadioManager.dll
;;;;Wldap32.dll
;;;;WmiMgmt.msc
;;;;WmpDui.dll
;;;;WofTasks.dll
;;;;WofUtil.dll
;;;;WordBreakers.dll
;;;;WorkFolders.exe
;;;;WorkFoldersGPExt.dll
;;;;WorkFoldersRes.dll
;;;;WorkFoldersShell.dll
;;;;WorkfoldersControl.dll
;;;;WpAXHolder.dll
;;;;WpPortingLibrary.dll
;;;;Wpc.dll
;;;;WpcApi.dll
;;;;WpcDesktopMonSvc.dll
;;;;WpcMon.exe
;;;;WpcProxyStubs.dll
;;;;WpcRefreshTask.dll
;;;;WpcTok.exe
;;;;WpcWebFilter.dll
;;;;WpdMtp.dll
;;;;WpdMtpUS.dll
;;;;WpnUserService.dll
;;;;WppRecorderUM.dll
;;;;WsdProviderUtil.dll
;;;;WsmAgent.dll
;;;;WsmAuto.dll
;;;;WsmPty.xsl
;;;;WsmRes.dll
;;;;WsmSvc.dll
;;;;WsmTxt.xsl
;;;;WsmWmiPl.dll
;;;;WudfSMCClassExt.dll
;;;;WwaApi.dll
;;;;WwaExt.dll
;;;;WwanRadioManager.dll
;;;;Wwanpref.dll
;;;;XAudio2_8.dll
;;;;XAudio2_9.dll
;;;;XInput1_4.dll
;;;;XInput9_1_0.dll
;;;;XInputUap.dll
;;;;X_80.contrast-black.png
;;;;X_80.contrast-white.png
;;;;X_80.png
;;;;XamlTileRender.dll
;;;;XblAuthManager.dll
;;;;XblAuthManagerProxy.dll
;;;;XblAuthTokenBrokerExt.dll
;;;;XblGameSave.dll
;;;;XblGameSaveExt.dll
;;;;XblGameSaveProxy.dll
;;;;XblGameSaveTask.exe
;;;;XboxGipRadioManager.dll
;;;;XboxNetApiSvc.dll
;;;;XpsDocumentTargetPrint.dll
;;;;XpsGdiConverter.dll
;;;;XpsPrint.dll
;;;;XpsRasterService.dll
;;;;XpsToPclmConverter.dll
;;;;XpsToPwgrConverter.dll
;;;;aadWamExtension.dll
;;;;aadauthhelper.dll
;;;;aadcloudap.dll
;;;;aadjcsp.dll
;;;;aadtb.dll
;;;;accessibilitycpl.dll
;;;;accountaccessor.dll
;;;;acledit.dll
;;;;aclui.dll
;;;;acmigration.dll
;;;;acppage.dll
;;;;acproxy.dll
;;;;activeds.dll
;;;;activeds.tlb
;;;;actxprxy.dll
;;;;adhapi.dll
;;;;adhsvc.dll
;;;;adprovider.dll
;;;;adrclient.dll
;;;;adsldp.dll
;;;;adsldpc.dll
;;;;adsmsext.dll
;;;;adsnt.dll
;;;;adtschema.dll
;;;;advapi32.dll
;;;;advapi32res.dll
;;;;advpack.dll
;;;;aeevts.dll
;;;;aeinv.dll
;;;;aepic.dll
;;;;agentactivationruntime.dll
;;;;agentactivationruntimestarter.exe
;;;;agentactivationruntimewindows.dll
;;;;aitstatic.exe
;;;;alg.exe
;;;;altspace.dll
;;;;am-et
;;;;amsi.dll
;;;;amsiproxy.dll
;;;;amstream.dll
;;;;apds.dll
;;;;apisampling.dll
;;;;apisetschema.dll
;;;;apphelp.dll
;;;;appidapi.dll
;;;;appidcertstorecheck.exe
;;;;appidpolicyconverter.exe
;;;;appidsvc.dll
;;;;appidtel.exe
;;;;appinfo.dll
;;;;appinfoext.dll
;;;;appmgmts.dll
;;;;appmgr.dll
;;;;appraiser
;;;;appraiser.dll
;;;;apprepapi.dll
;;;;appsruprov.dll
;;;;appvetwclientres.dll
;;;;appvetwsharedperformance.dll
;;;;appvetwstreamingux.dll
;;;;appwiz.cpl
;;;;ar-SA
;;;;archiveint.dll
;;;;asferror.dll
;;;;aspnet_counters.dll
;;;;assignedaccessmanagersvc.dll
;;;;assignedaccessproviderevents.dll
;;;;asycfilt.dll
;;;;at.exe
;;;;atl.dll
;;;;atl110.dll
;;;;atlthunk.dll
;;;;atmlib.dll
;;;;attrib.exe
;;;;audiodg.exe
;;;;audioresourceregistrar.dll
;;;;audiosrv.dll
;;;;auditcse.dll
;;;;auditpol.exe
;;;;auditpolcore.dll
;;;;auditpolmsg.dll
;;;;authentication.dll
;;;;authfwcfg.dll
;;;;authui.dll
;;;;authz.dll
;;;;autochk.exe
;;;;autoconv.exe
;;;;autofmt.exe
;;;;autopilot.dll
;;;;autopilotdiag.dll
;;;;autoplay.dll
;;;;autotimesvc.dll
;;;;avicap32.dll
;;;;avifil32.dll
;;;;avrt.dll
;;;;axaltocm.dll
;;;;azman.msc
;;;;azroles.dll
;;;;azroleui.dll
;;;;baaupdate.exe
;;;;backgroundTaskHost.exe
;;;;basecsp.dll
;;;;basesrv.dll
;;;;bash.exe
;;;;batmeter.dll
;;;;bcastdvr.proxy.dll
;;;;bcastdvruserservice.dll
;;;;bcd.dll
;;;;bcdboot.exe
;;;;bcdedit.exe
;;;;bcdprov.dll
;;;;bcdsrv.dll
;;;;bcmLynx_1.otp
;;;;bcmLynx_7.otp
;;;;bcrypt.dll
;;;;bcryptprimitives.dll
;;;;bdaplgin.ax
;;;;bdechangepin.exe
;;;;bderepair.dll
;;;;bdesvc.dll
;;;;bdeui.dll
;;;;bdeunlock.exe
;;;;bg-BG
;;;;bi.dll
;;;;bidispl.dll
;;;;bindfltapi.dll
;;;;bipdll.dll
;;;;bisrv.dll
;;;;bitsadmin.exe
;;;;bitsigd.dll
;;;;bitsperf.dll
;;;;biwinrt.dll
;;;;blb_ps.dll
;;;;blbres.dll
;;;;bnmanager.dll
;;;;boot.sdi
;;;;bootcfg.exe
;;;;bootim.exe
;;;;bootsect.exe
;;;;bootstr.dll
;;;;bootux.dll
;;;;bopomofo.uce
;;;;bridgeres.dll
;;;;bridgeunattend.exe
;;;;browcli.dll
;;;;browser_broker.exe
;;;;browserbroker.dll
;;;;browserexport.exe
;;;;browseui.dll
;;;;bthci.dll
;;;;bthpanapi.dll
;;;;bthprops.cpl
;;;;bthserv.dll
;;;;bthudtask.exe
;;;;btpanui.dll
;;;;c4d66f00-b6f0-4439-ac9b-c5ea13fe54d7_HyperV-ComputeCore.dll
;;;;cAVS
;;;;c_28603.nls
;;;;c_GSM7.DLL
;;;;cabapi.dll
;;;;cabinet.dll
;;;;cabview.dll
;;;;cacls.exe
;;;;calc.exe
;;;;capauthz.dll
;;;;capiprovider.dll
;;;;capisp.dll
;;;;catroot2
;;;;catsrv.dll
;;;;catsrvps.dll
;;;;catsrvut.dll
;;;;cca.dll
;;;;cdd.dll
;;;;cdosys.dll
;;;;cdp.dll
;;;;cdprt.dll
;;;;cdpsvc.dll
;;;;cdpusersvc.dll
;;;;cellulardatacapabilityhandler.dll
;;;;cemapi.dll
;;;;cero.rs
;;;;certCredProvider.dll
;;;;certca.dll
;;;;certcli.dll
;;;;certenc.dll
;;;;certlm.msc
;;;;certmgr.dll
;;;;certmgr.msc
;;;;certprop.dll
;;;;certreq.exe
;;;;certutil.exe
;;;;cewmdm.dll
;;;;cfgbkend.dll
;;;;cfgmgr32.dll
;;;;cflapi.dll
;;;;cfmifs.dll
;;;;cfmifsproxy.dll
;;;;change.exe
;;;;changepk.exe
;;;;charmap.exe
;;;;chartv.dll
;;;;chcp.com
;;;;chglogon.exe
;;;;chgport.exe
;;;;chgusr.exe
;;;;chkdsk.exe
;;;;chkntfs.exe
;;;;chkwudrv.dll
;;;;choice.exe
;;;;chs_singlechar_pinyin.dat
;;;;chxinputrouter.dll
;;;;chxranker.dll
;;;;ci.dll
;;;;cic.dll
;;;;cimfs.dll
;;;;cipher.exe
;;;;clb.dll
;;;;clbcatq.dll
;;;;cldapi.dll
;;;;cleanmgr.exe
;;;;clearscd.bin
;;;;clfsw32.dll
;;;;cliconfg.dll
;;;;cliconfg.exe
;;;;cliconfg.rll
;;;;clip.exe
;;;;clipwinrt.dll
;;;;cloudAP.dll
;;;;cloudidsvc.dll
;;;;clrhost.dll
;;;;clusapi.dll
;;;;cmcfg32.dll
;;;;cmd.exe
;;;;cmdext.dll
;;;;cmdial32.dll
;;;;cmdkey.exe
;;;;cmdl32.exe
;;;;cmgrcspps.dll
;;;;cmifw.dll
;;;;cmintegrator.dll
;;;;cmlua.dll
;;;;cmmon32.exe
;;;;cmpbk32.dll
;;;;cmstp.exe
;;;;cmstplua.dll
;;;;cmutil.dll
;;;;cngcredui.dll
;;;;cngprovider.dll
;;;;cnvfat.dll
;;;;cob-au.rs
;;;;cofire.exe
;;;;cofiredm.dll
;;;;colbact.dll
;;;;coloradapterclient.dll
;;;;colorcpl.exe
;;;;colorui.dll
;;;;combase.dll
;;;;comcat.dll
;;;;comctl32.dll
;;;;comdlg32.dll
;;;;comexp.msc
;;;;coml2.dll
;;;;comp.exe
;;;;compact.exe
;;;;compmgmt.msc
;;;;compstui.dll
;;;;computecore.dll
;;;;computelibeventlog.dll
;;;;computenetwork.dll
;;;;computestorage.dll
;;;;comrepl.dll
;;;;comres.dll
;;;;comsnap.dll
;;;;comsvcs.dll
;;;;comuid.dll
;;;;concrt140.dll
;;;;config
;;;;configmanager2.dll
;;;;conhost.exe
;;;;connect.dll
;;;;consent.exe
;;;;console.dll
;;;;container.dll
;;;;containerdevicemanagement.dll
;;;;control.exe
;;;;convert.exe
;;;;convertvhd.exe
;;;;coreaudiopolicymanagerext.dll
;;;;coredpus.dll
;;;;coredpussvr.exe
;;;;coreglobconfig.dll
;;;;correngine.dll
;;;;credprovhost.dll
;;;;credprovs.dll
;;;;credprovslegacy.dll
;;;;credssp.dll
;;;;credui.dll
;;;;credwiz.exe
;;;;crypt32.dll
;;;;cryptbase.dll
;;;;cryptcatsvc.dll
;;;;cryptdlg.dll
;;;;cryptdll.dll
;;;;cryptext.dll
;;;;cryptnet.dll
;;;;cryptngc.dll
;;;;cryptsp.dll
;;;;cryptsvc.dll
;;;;crypttpmeksvc.dll
;;;;cryptui.dll
;;;;cryptuiwizard.dll
;;;;cryptxml.dll
;;;;cs-CZ
;;;;cscapi.dll
;;;;cscdll.dll
;;;;cscobj.dll
;;;;cscript.exe
;;;;cscsvc.dll
;;;;cscui.dll
;;;;csplte.dll
;;;;csrr.rs
;;;;csrsrv.dll
;;;;csrss.exe
;;;;ctc.json
;;;;ctfmon.exe
;;;;cttune.exe
;;;;cttunesvr.exe
;;;;curl.exe
;;;;current_version.txt
;;;;cvproppage.dll
;;;;cxcredprov.dll
;;;;d2d1.dll
;;;;d3d10.dll
;;;;d3d10_1.dll
;;;;d3d10_1core.dll
;;;;d3d10core.dll
;;;;d3d10level9.dll
;;;;d3d10warp.dll
;;;;d3d11.dll
;;;;d3d11on12.dll
;;;;d3d8thk.dll
;;;;d3d9.dll
;;;;d3d9on12.dll
;;;;d4d78066-e6db-44b7-b5cd-2eb82dce620c_HyperV-ComputeLegacy.dll
;;;;da-DK
;;;;dab.dll
;;;;dabapi.dll
;;;;dafAspInfraProvider.dll
;;;;dafBth.dll
;;;;dafDockingProvider.dll
;;;;dafWCN.dll
;;;;dafWfdProvider.dll
;;;;dafpos.dll
;;;;dafupnp.dll
;;;;das.dll
;;;;dasHost.exe
;;;;dataclen.dll
;;;;datamarketsvc.dll
;;;;datusage.dll
;;;;davclnt.dll
;;;;davhlpr.dll
;;;;daxexec.dll
;;;;dbgcore.dll
;;;;dbgeng.dll
;;;;dbghelp.dll
;;;;dbnetlib.dll
;;;;dbnmpntw.dll
;;;;dccw.exe
;;;;dciman32.dll
;;;;dcntel.dll
;;;;dcomcnfg.exe
;;;;dcomp.dll
;;;;ddisplay.dll
;;;;ddodiag.exe
;;;;ddp_ps.dll
;;;;ddpchunk.dll
;;;;ddptrace.dll
;;;;ddputils.dll
;;;;ddraw.dll
;;;;ddrawex.dll
;;;;de-DE
;;;;defragproxy.dll
;;;;defragres.dll
;;;;defragsvc.dll
;;;;delegatorprovider.dll
;;;;deploymentcsphelper.exe
;;;;deploymentcsps.dll
;;;;desk.cpl
;;;;deskadp.dll
;;;;deskmon.dll
;;;;desktopimgdownldr.exe
;;;;devenum.dll
;;;;deviceaccess.dll
;;;;deviceassociation.dll
;;;;devicengccredprov.dll
;;;;deviceregistration.dll
;;;;devinv.dll
;;;;devmgmt.msc
;;;;devmgr.dll
;;;;devobj.dll
;;;;devrtl.dll
;;;;dfdts.dll
;;;;dfrgui.exe
;;;;dfscli.dll
;;;;dfshim.dll
;;;;dggpext.dll
;;;;dhcpcmonitor.dll
;;;;dhcpcore.dll
;;;;dhcpcore6.dll
;;;;dhcpcsvc.dll
;;;;dhcpcsvc6.dll
;;;;dhcpsapi.dll
;;;;diagnosticdataquery.dll
;;;;diagperf.dll
;;;;diagtrack.dll
;;;;dialclient.dll
;;;;dialer.exe
;;;;dialserver.dll
;;;;difxapi.dll
;;;;dimsjob.dll
;;;;dimsroam.dll
;;;;dinput.dll
;;;;dinput8.dll
;;;;directmanipulation.dll
;;;;directml.dll
;;;;directxdatabaseupdater.exe
;;;;discan.dll
;;;;diskmgmt.msc
;;;;diskpart.exe
;;;;diskperf.exe
;;;;diskraid.exe
;;;;dispdiag.exe
;;;;dispex.dll
;;;;djctq.rs
;;;;djoin.exe
;;;;dllhost.exe
;;;;dllhst3g.exe
;;;;dlnashext.dll
;;;;dmcertinst.exe
;;;;dmcfghost.exe
;;;;dmcfgutils.dll
;;;;dmclient.exe
;;;;dmcmnutils.dll
;;;;dmcommandlineutils.dll
;;;;dmcsps.dll
;;;;dmdlgs.dll
;;;;dmdskmgr.dll
;;;;dmdskres.dll
;;;;dmdskres2.dll
;;;;dmenrollengine.dll
;;;;dmenterprisediagnostics.dll
;;;;dmintf.dll
;;;;dmiso8601utils.dll
;;;;dmloader.dll
;;;;dmocx.dll
;;;;dmoleaututils.dll
;;;;dmprocessxmlfiltered.dll
;;;;dmpushproxy.dll
;;;;dmsynth.dll
;;;;dmusic.dll
;;;;dmutil.dll
;;;;dmvdsitf.dll
;;;;dmview.ocx
;;;;dmwappushsvc.dll
;;;;dmwmicsp.dll
;;;;dmxmlhelputils.dll
;;;;dnsapi.dll
;;;;dnscacheugc.exe
;;;;dnscmmc.dll
;;;;dnsext.dll
;;;;dnshc.dll
;;;;dnsrslvr.dll
;;;;docprop.dll
;;;;domgmt.dll
;;;;dosettings.dll
;;;;doskey.exe
;;;;dosvc.dll
;;;;dot3api.dll
;;;;dot3cfg.dll
;;;;dot3dlg.dll
;;;;dot3gpclnt.dll
;;;;dot3gpui.dll
;;;;dot3hc.dll
;;;;dot3mm.dll
;;;;dot3msm.dll
;;;;dot3svc.dll
;;;;dot3ui.dll
;;;;downlevel
;;;;dpapi.dll
;;;;dpapimig.exe
;;;;dpapiprovider.dll
;;;;dpapisrv.dll
;;;;dpnaddr.dll
;;;;dpnathlp.dll
;;;;dpnet.dll
;;;;dpnhpast.dll
;;;;dpnhupnp.dll
;;;;dpnlobby.dll
;;;;dpnsvr.exe
;;;;dps.dll
;;;;dpx.dll
;;;;driverquery.exe
;;;;drivers
;;;;drprov.dll
;;;;drt.dll
;;;;drtprov.dll
;;;;drttransport.dll
;;;;drvinst.exe
;;;;drvsetup.dll
;;;;drvstore.dll
;;;;dsauth.dll
;;;;dsc
;;;;dsclient.dll
;;;;dscproxy.dll
;;;;dsdmo.dll
;;;;dskquota.dll
;;;;dskquoui.dll
;;;;dsound.dll
;;;;dsparse.dll
;;;;dsprop.dll
;;;;dsquery.dll
;;;;dsreg.dll
;;;;dsregcmd.exe
;;;;dsregtask.dll
;;;;dsrole.dll
;;;;dssec.dat
;;;;dssec.dll
;;;;dssenh.dll
;;;;dssvc.dll
;;;;dstokenclean.exe
;;;;dsuiext.dll
;;;;dswave.dll
;;;;dtsh.dll
;;;;dui70.dll
;;;;duser.dll
;;;;dusmapi.dll
;;;;dusmsvc.dll
;;;;dusmtask.exe
;;;;dvdplay.exe
;;;;dwm.exe
;;;;dwmapi.dll
;;;;dwmcore.dll
;;;;dwmghost.dll
;;;;dwminit.dll
;;;;dwmredir.dll
;;;;dwmscene.dll
;;;;dxdiag.exe
;;;;dxdiagn.dll
;;;;dxgi.dll
;;;;dxgiadaptercache.exe
;;;;dxgwdi.dll
;;;;dxilconv.dll
;;;;dxpps.dll
;;;;dxtmsft.dll
;;;;dxtrans.dll
;;;;dxva2.dll
;;;;dynamoapi.dll
;;;;e1d65x64.din
;;;;eShims.dll
;;;;eUICCsCSP.dll
;;;;eapp3hst.dll
;;;;eappcfg.dll
;;;;eappcfgui.dll
;;;;eappgnui.dll
;;;;eapphost.dll
;;;;eappprxy.dll
;;;;eapprovp.dll
;;;;eapputil.dll
;;;;eapsimextdesktop.dll
;;;;eapsvc.dll
;;;;easconsent.dll
;;;;easinvoker.exe
;;;;easinvoker.proxystub.dll
;;;;easwrt.dll
;;;;edgeIso.dll
;;;;edgeangle.dll
;;;;edgehtml.dll
;;;;edpauditapi.dll
;;;;edpcsp.dll
;;;;edpnotify.exe
;;;;edptask.dll
;;;;edputil.dll
;;;;eeprov.dll
;;;;eeutil.dll
;;;;efsadu.dll
;;;;efscore.dll
;;;;efsext.dll
;;;;efslsaext.dll
;;;;efssvc.dll
;;;;efsui.exe
;;;;efsutil.dll
;;;;efswrt.dll
;;;;el-GR
;;;;els.dll
;;;;elsTrans.dll
;;;;elshyph.dll
;;;;elslad.dll
;;;;embeddedmodesvc.dll
;;;;embeddedmodesvcapi.dll
;;;;en
;;;;en-GB
;;;;en-US
;;;;encapi.dll
;;;;energy.dll
;;;;energyprov.dll
;;;;energytask.dll
;;;;enrollmentapi.dll
;;;;enterprisecsps.dll
;;;;enterpriseetw.dll
;;;;enterpriseresourcemanager.dll
;;;;eqossnap.dll
;;;;es-ES
;;;;es-MX
;;;;es.dll
;;;;esent.dll
;;;;esentprf.dll
;;;;esentutl.exe
;;;;esevss.dll
;;;;esrb.rs
;;;;et-EE
;;;;eudcedit.exe
;;;;eventcls.dll
;;;;eventcreate.exe
;;;;eventvwr.exe
;;;;eventvwr.msc
;;;;evr.dll
;;;;execmodelproxy.dll
;;;;expand.exe
;;;;extrac32.exe
;;;;f1db7d81-95be-4911-935a-8ab71629112a_vmsvcext_sys.dll
;;;;f3ahvoas.dll
;;;;f989b52d-f928-44a3-9bf1-bf0c1da6a0d6_HyperV-DeviceVirtualization.dll
;;;;facecredentialprovider.dll
;;;;fc.exe
;;;;fclip.exe
;;;;fcon.dll
;;;;fdBth.dll
;;;;fdBthProxy.dll
;;;;fdPHost.dll
;;;;fdPnp.dll
;;;;fdProxy.dll
;;;;fdSSDP.dll
;;;;fdWCN.dll
;;;;fdWNet.dll
;;;;fdWSD.dll
;;;;fde.dll
;;;;fdeploy.dll
;;;;fdprint.dll
;;;;feclient.dll
;;;;ff-Adlm-SN
;;;;ffbroker.dll
;;;;fhcat.dll
;;;;fhcfg.dll
;;;;fhcleanup.dll
;;;;fhcpl.dll
;;;;fhengine.dll
;;;;fhevents.dll
;;;;fhlisten.dll
;;;;fhmanagew.exe
;;;;fhsettingsprovider.dll
;;;;fhshl.dll
;;;;fhsrchapi.dll
;;;;fhsrchph.dll
;;;;fhsvc.dll
;;;;fhsvcctl.dll
;;;;fhtask.dll
;;;;fhuxadapter.dll
;;;;fhuxapi.dll
;;;;fhuxcommon.dll
;;;;fhuxgraphics.dll
;;;;fhuxpresentation.dll
;;;;fi-FI
;;;;fidocredprov.dll
;;;;filemgmt.dll
;;;;find.exe
;;;;findnetprinters.dll
;;;;findstr.exe
;;;;finger.exe
;;;;fingerprintcredential.dll
;;;;fixmapi.exe
;;;;fltLib.dll
;;;;fltMC.exe
;;;;fmapi.dll
;;;;fmifs.dll
;;;;fms.dll
;;;;fodhelper.exe
;;;;fontdrvhost.exe
;;;;fontext.dll
;;;;fontgroupsoverride.dll
;;;;fontsub.dll
;;;;fontview.exe
;;;;forfiles.exe
;;;;format.com
;;;;fpb.rs
;;;;fphc.dll
;;;;fr
;;;;fr-CA
;;;;fr-FR
;;;;framedyn.dll
;;;;framedynos.dll
;;;;frprov.dll
;;;;fsavailux.exe
;;;;fsmgmt.msc
;;;;fsquirt.exe
;;;;fsutil.exe
;;;;fsutilext.dll
;;;;fthsvc.dll
;;;;ftp.exe
;;;;fundisc.dll
;;;;fveapi.dll
;;;;fveapibase.dll
;;;;fvecerts.dll
;;;;fvecpl.dll
;;;;fvenotify.exe
;;;;fveprompt.exe
;;;;fveskybackup.dll
;;;;fveui.dll
;;;;fvewiz.dll
;;;;fwbase.dll
;;;;fwcfg.dll
;;;;fwmdmcsp.dll
;;;;fwpolicyiomgr.dll
;;;;g711codc.ax
;;;;gamemode.dll
;;;;gamestreamingext.dll
;;;;gameux.dll
;;;;gamingtcui.dll
;;;;gatherNetworkInfo.vbs
;;;;gb2312.uce
;;;;gcdef.dll
;;;;gdi32.dll
;;;;gdi32full.dll
;;;;generaltel.dll
;;;;getmac.exe
;;;;getuname.dll
;;;;glmf32.dll
;;;;globinputhost.dll
;;;;glu32.dll
;;;;gmsaclient.dll
;;;;gpapi.dll
;;;;gpedit.dll
;;;;gpedit.msc
;;;;gpprefcl.dll
;;;;gpprnext.dll
;;;;gpresult.exe
;;;;gpscript.dll
;;;;gpscript.exe
;;;;gpsvc.dll
;;;;gptext.dll
;;;;gpupdate.exe
;;;;gpupvdev.dll
;;;;grb.rs
;;;;grpconv.exe
;;;;hal.dll
;;;;hascsp.dll
;;;;hbaapi.dll
;;;;hcproviders.dll
;;;;hcsdiag.exe
;;;;hdwwiz.cpl
;;;;hdwwiz.exe
;;;;he-IL
;;;;help.exe
;;;;hgattest.dll
;;;;hgclientservice.dll
;;;;hgclientserviceps.dll
;;;;hgcpl.dll
;;;;hgprint.dll
;;;;hgsclientplugin.dll
;;;;hhctrl.ocx
;;;;hhsetup.dll
;;;;hid.dll
;;;;hidphone.tsp
;;;;hidserv.dll
;;;;hlink.dll
;;;;hmkd.dll
;;;;hnetcfg.dll
;;;;hnetmon.dll
;;;;hnsdiag.exe
;;;;hnsproxy.dll
;;;;hotplug.dll
;;;;hr-HR
;;;;html.iec
;;;;httpapi.dll
;;;;httpproxy.json
;;;;httpprxc.dll
;;;;httpprxm.dll
;;;;httpprxp.dll
;;;;htui.dll
;;;;hu-HU
;;;;hvax64.exe
;;;;hvc.exe
;;;;hvhostsvc.dll
;;;;hvix64.exe
;;;;hvloader.dll
;;;;hvsievaluator.exe
;;;;hvsigpext.dll
;;;;iaStorAfsNative.exe
;;;;iaStorAfsService.exe
;;;;ias
;;;;ias.dll
;;;;iasacct.dll
;;;;iasads.dll
;;;;iasdatastore.dll
;;;;iashlpr.dll
;;;;iasnap.dll
;;;;iaspolcy.dll
;;;;iasrad.dll
;;;;iasrecst.dll
;;;;iassam.dll
;;;;iassdo.dll
;;;;iassvcs.dll
;;;;icacls.exe
;;;;icfupgd.dll
;;;;icm32.dll
;;;;icmp.dll
;;;;icmui.dll
;;;;icsigd.dll
;;;;icsunattend.exe
;;;;icsvc.dll
;;;;icsvcext.dll
;;;;icsxml
;;;;icu.dll
;;;;icuin.dll
;;;;icuuc.dll
;;;;ideograf.uce
;;;;idndl.dll
;;;;ie4uinit.exe
;;;;ie4ushowIE.exe
;;;;ieUnatt.exe
;;;;ieapfltr.dll
;;;;iedkcs32.dll
;;;;ieframe.dll
;;;;iemigplugin.dll
;;;;iepeers.dll
;;;;ieproxy.dll
;;;;iernonce.dll
;;;;iertutil.dll
;;;;iesetup.dll
;;;;iesysprep.dll
;;;;ieui.dll
;;;;ieuinit.inf
;;;;iexpress.exe
;;;;ifmon.dll
;;;;ifsutil.dll
;;;;ifsutilx.dll
;;;;igdDiag.dll
;;;;ihvrilproxy.dll
;;;;imaadp32.acm
;;;;imagehlp.dll
;;;;imageres.dll
;;;;imagesp1.dll
;;;;imapi.dll
;;;;imapi2.dll
;;;;imapi2fs.dll
;;;;imgutil.dll
;;;;imm32.dll
;;;;immersivetpmvscmgrsvr.exe
;;;;inetcomm.dll
;;;;inetcpl.cpl
;;;;inetmib1.dll
;;;;inetpp.dll
;;;;inetppui.dll
;;;;inetsrv
;;;;input.dll
;;;;inseng.dll
;;;;intel_gfx_api-x64.dll
;;;;internetmail.dll
;;;;intl.cpl
;;;;invagent.dll
;;;;iologmsg.dll
;;;;iotstartup.exe
;;;;ipconfig.exe
;;;;iphlpsvc.dll
;;;;ipnathlp.dll
;;;;iprtprio.dll
;;;;iprtrmgr.dll
;;;;ipsecsnp.dll
;;;;ipsmsnap.dll
;;;;ipxlatcfg.dll
;;;;iri.dll
;;;;irprops.cpl
;;;;iscsicli.exe
;;;;iscsicpl.dll
;;;;iscsicpl.exe
;;;;iscsidsc.dll
;;;;iscsied.dll
;;;;iscsiexe.dll
;;;;iscsilog.dll
;;;;iscsium.dll
;;;;iscsiwmi.dll
;;;;iscsiwmiv2.dll
;;;;isoburn.exe
;;;;it-IT
;;;;itircl.dll
;;;;itss.dll
;;;;iuilp.dll
;;;;iumbase.dll
;;;;iumcrypt.dll
;;;;iumdll.dll
;;;;iyuv_32.dll
;;;;ja-jp
;;;;jhi_service.exe
;;;;joinproviderol.dll
;;;;joinutil.dll
;;;;joy.cpl
;;;;jpndecoder.dll
;;;;jpninputrouter.dll
;;;;jpnranker.dll
;;;;jscript.dll
;;;;jscript9.dll
;;;;jscript9diag.dll
;;;;jsproxy.dll
;;;;kanji_1.uce
;;;;kanji_2.uce
;;;;kbd101.dll
;;;;kbd101a.dll
;;;;kbd101b.dll
;;;;kbd101c.dll
;;;;kbd103.dll
;;;;kbd106.dll
;;;;kbd106n.dll
;;;;kbdarmph.dll
;;;;kbdarmty.dll
;;;;kbdax2.dll
;;;;kbdfar.dll
;;;;kbdgeoer.dll
;;;;kbdgeome.dll
;;;;kbdgeooa.dll
;;;;kbdgeoqw.dll
;;;;kbdhebl3.dll
;;;;kbdibm02.dll
;;;;kbdlisub.dll
;;;;kbdlisus.dll
;;;;kbdlk41a.dll
;;;;kbdnec.dll
;;;;kbdnec95.dll
;;;;kbdnecat.dll
;;;;kbdnecnt.dll
;;;;kbdnko.dll
;;;;kbdphags.dll
;;;;kd.dll
;;;;kd_02_10df.dll
;;;;kd_02_10ec.dll
;;;;kd_02_1137.dll
;;;;kd_02_14e4.dll
;;;;kd_02_15b3.dll
;;;;kd_02_1969.dll
;;;;kd_02_19a2.dll
;;;;kd_02_1af4.dll
;;;;kd_02_8086.dll
;;;;kd_07_1415.dll
;;;;kd_0C_8086.dll
;;;;kdcom.dll
;;;;kdcpw.dll
;;;;kdhvcom.dll
;;;;kdnet.dll
;;;;kdnet_uart16550.dll
;;;;kdstub.dll
;;;;kdusb.dll
;;;;keepaliveprovider.dll
;;;;kerberos.dll
;;;;kernel.appcore.dll
;;;;kernel32.dll
;;;;keyiso.dll
;;;;keymgr.dll
;;;;klist.exe
;;;;kmddsp.tsp
;;;;ko-KR
;;;;korean.uce
;;;;ksetup.exe
;;;;ksproxy.ax
;;;;kstvtune.ax
;;;;ksuser.dll
;;;;ksxbar.ax
;;;;ktmutil.exe
;;;;ktmw32.dll
;;;;l2gpstore.dll
;;;;l2nacp.dll
;;;;l3codeca.acm
;;;;l3codecp.acm
;;;;l_intl.nls
;;;;label.exe
;;;;lcphrase.tbl
;;;;lcptr.tbl
;;;;lfsvc.dll
;;;;libcrypto.dll
;;;;libmfxhw64.dll
;;;;libvpl.dll
;;;;licensingdiag.exe
;;;;licmgr10.dll
;;;;linkinfo.dll
;;;;lltdapi.dll
;;;;lltdres.dll
;;;;lltdsvc.dll
;;;;lmhsvc.dll
;;;;lms.dll
;;;;loadperf.dll
;;;;locale.nls
;;;;localsec.dll
;;;;localspl.dll
;;;;localui.dll
;;;;lodctr.exe
;;;;logagent.exe
;;;;loghours.dll
;;;;logman.exe
;;;;logoff.exe
;;;;logoncli.dll
;;;;lpasvc.dll
;;;;lpk.dll
;;;;lpkinstall.exe
;;;;lpksetup.exe
;;;;lpksetupproxyserv.dll
;;;;lpremove.exe
;;;;lsasrv.dll
;;;;lsass.exe
;;;;lsm.dll
;;;;lsmproxy.dll
;;;;lstelemetry.dll
;;;;lt-LT
;;;;luainstall.dll
;;;;luiapi.dll
;;;;lusrmgr.msc
;;;;lv-LV
;;;;lxss
;;;;lz32.dll
;;;;main.cpl
;;;;makecab.exe
;;;;manage-bde.exe
;;;;manage-bde.wsf
;;;;mapi32.dll
;;;;mapistub.dll
;;;;mapstoasttask.dll
;;;;mapsupdatetask.dll
;;;;mavinject.exe
;;;;mblctr.exe
;;;;mbsmsapi.dll
;;;;mbussdapi.dll
;;;;mcbuilder.exe
;;;;mciavi32.dll
;;;;mcicda.dll
;;;;mciqtz32.dll
;;;;mciseq.dll
;;;;mciwave.dll
;;;;mcupdate_AuthenticAMD.dll
;;;;mcupdate_GenuineIntel.dll
;;;;mdminst.dll
;;;;mdmlocalmanagement.dll
;;;;mdmmigrator.dll
;;;;mdmpostprocessevaluator.dll
;;;;mdmregistration.dll
;;;;mf.dll
;;;;mf3216.dll
;;;;mfAACEnc.dll
;;;;mfasfsrcsnk.dll
;;;;mfaudiocnv.dll
;;;;mfc120.dll
;;;;mfc120u.dll
;;;;mfc140.dll
;;;;mfc140chs.dll
;;;;mfc140cht.dll
;;;;mfc140deu.dll
;;;;mfc140enu.dll
;;;;mfc140esn.dll
;;;;mfc140fra.dll
;;;;mfc140ita.dll
;;;;mfc140jpn.dll
;;;;mfc140kor.dll
;;;;mfc140rus.dll
;;;;mfc140u.dll
;;;;mfc42.dll
;;;;mfc42u.dll
;;;;mfcm120.dll
;;;;mfcm120u.dll
;;;;mfcm140.dll
;;;;mfcm140u.dll
;;;;mfcore.dll
;;;;mfcsubs.dll
;;;;mfds.dll
;;;;mfdvdec.dll
;;;;mferror.dll
;;;;mfh263enc.dll
;;;;mfh264enc.dll
;;;;mfksproxy.dll
;;;;mfmjpegdec.dll
;;;;mfmkvsrcsnk.dll
;;;;mfmp4srcsnk.dll
;;;;mfmpeg2srcsnk.dll
;;;;mfnetcore.dll
;;;;mfnetsrc.dll
;;;;mfperfhelper.dll
;;;;mfplat.dll
;;;;mfpmp.exe
;;;;mfps.dll
;;;;mfreadwrite.dll
;;;;mfsensorgroup.dll
;;;;mfsrcsnk.dll
;;;;mfsvr.dll
;;;;mftranscode.dll
;;;;mfvdsp.dll
;;;;mfvfw.dll
;;;;mfxplugin64_hw.dll
;;;;mgmtapi.dll
;;;;mgmtrefreshcredprov.dll
;;;;mi.dll
;;;;mibincodec.dll
;;;;microsoft-windows-battery-events.dll
;;;;microsoft-windows-hal-events.dll
;;;;microsoft-windows-kernel-pnp-events.dll
;;;;microsoft-windows-kernel-power-events.dll
;;;;microsoft-windows-kernel-processor-power-events.dll
;;;;microsoft-windows-pdc.dll
;;;;microsoft-windows-power-cad-events.dll
;;;;microsoft-windows-processor-aggregator-events.dll
;;;;microsoft-windows-sleepstudy-events.dll
;;;;microsoft-windows-storage-tiering-events.dll
;;;;microsoft-windows-system-events.dll
;;;;midimap.dll
;;;;migisol.dll
;;;;migration
;;;;miguiresource.dll
;;;;migwiz
;;;;mimefilt.dll
;;;;mimofcodec.dll
;;;;mispace.dll
;;;;miutils.dll
;;;;mlang.dat
;;;;mlang.dll
;;;;mmc.exe
;;;;mmc.exe.config
;;;;mmcbase.dll
;;;;mmcndmgr.dll
;;;;mmcshext.dll
;;;;mmgaclient.dll
;;;;mmgaproxystub.dll
;;;;mmgaserver.exe
;;;;mmres.dll
;;;;mmsys.cpl
;;;;mobilenetworking.dll
;;;;mobsync.exe
;;;;mode.com
;;;;modemui.dll
;;;;modernexecserver.dll
;;;;more.com
;;;;moricons.dll
;;;;moshost.dll
;;;;moshostcore.dll
;;;;mountvol.exe
;;;;mpeval.dll
;;;;mpg2splt.ax
;;;;mpnotify.exe
;;;;mpr.dll
;;;;mprapi.dll
;;;;mprddm.dll
;;;;mprdim.dll
;;;;mprext.dll
;;;;mprmsg.dll
;;;;mpunits.dll
;;;;mrt100.dll
;;;;mrt_map.dll
;;;;ms3dthumbnailprovider.dll
;;;;msIso.dll
;;;;msTextPrediction.dll
;;;;msaatext.dll
;;;;msacm32.dll
;;;;msacm32.drv
;;;;msadp32.acm
;;;;msafd.dll
;;;;msasn1.dll
;;;;msaudite.dll
;;;;msauserext.dll
;;;;mscandui.dll
;;;;mscat32.dll
;;;;msclmd.dll
;;;;mscms.dll
;;;;msconfig.exe
;;;;mscoree.dll
;;;;mscorier.dll
;;;;mscories.dll
;;;;msctf.dll
;;;;msctfime.ime
;;;;msctfp.dll
;;;;msctfui.dll
;;;;msctfuimanager.dll
;;;;msdadiag.dll
;;;;msdart.dll
;;;;msdatsrc.tlb
;;;;msdelta.dll
;;;;msdmo.dll
;;;;msdrm.dll
;;;;msdt.exe
;;;;msdtc.exe
;;;;msdtcVSp1res.dll
;;;;msdtckrm.dll
;;;;msdtclog.dll
;;;;msdtcprx.dll
;;;;msdtcspoffln.dll
;;;;msdtctm.dll
;;;;msdtcuiu.dll
;;;;msfeeds.dll
;;;;msfeedsbs.dll
;;;;msfeedssync.exe
;;;;msftedit.dll
;;;;msg.exe
;;;;msg711.acm
;;;;msgsm32.acm
;;;;mshta.exe
;;;;mshtml.dll
;;;;mshtml.tlb
;;;;mshtmled.dll
;;;;mshtmler.dll
;;;;msi.dll
;;;;msidcrl40.dll
;;;;msident.dll
;;;;msidle.dll
;;;;msidntld.dll
;;;;msieftp.dll
;;;;msiexec.exe
;;;;msihnd.dll
;;;;msiltcfg.dll
;;;;msimg32.dll
;;;;msimsg.dll
;;;;msimtf.dll
;;;;msinfo32.exe
;;;;msisip.dll
;;;;msiwer.dll
;;;;mskeyprotcli.dll
;;;;mskeyprotect.dll
;;;;msls31.dll
;;;;msmpeg2adec.dll
;;;;msmpeg2vdec.dll
;;;;msobjs.dll
;;;;msoert2.dll
;;;;mspaint.exe
;;;;mspatcha.dll
;;;;mspatchc.dll
;;;;msports.dll
;;;;msprivs.dll
;;;;msra.exe
;;;;msrahc.dll
;;;;msrating.dll
;;;;msrdc.dll
;;;;msrle32.dll
;;;;msscntrs.dll
;;;;mssecuser.dll
;;;;mssign32.dll
;;;;mssip32.dll
;;;;mssitlb.dll
;;;;mssph.dll
;;;;mssprxy.dll
;;;;mssrch.dll
;;;;mssvp.dll
;;;;mstask.dll
;;;;mstsc.exe
;;;;mstscax.dll
;;;;msutb.dll
;;;;msv1_0.dll
;;;;msvcirt.dll
;;;;msvcp100.dll
;;;;msvcp110.dll
;;;;msvcp110_win.dll
;;;;msvcp120.dll
;;;;msvcp120_clr0400.dll
;;;;msvcp140.dll
;;;;msvcp140_1.dll
;;;;msvcp140_2.dll
;;;;msvcp140_atomic_wait.dll
;;;;msvcp140_clr0400.dll
;;;;msvcp140_codecvt_ids.dll
;;;;msvcp60.dll
;;;;msvcp_win.dll
;;;;msvcr100.dll
;;;;msvcr100_clr0400.dll
;;;;msvcr110.dll
;;;;msvcr120.dll
;;;;msvcr120_clr0400.dll
;;;;msvcrt.dll
;;;;msvfw32.dll
;;;;msvidc32.dll
;;;;msvproc.dll
;;;;mswmdm.dll
;;;;mswsock.dll
;;;;msxml3.dll
;;;;msxml3r.dll
;;;;msxml6.dll
;;;;msxml6r.dll
;;;;msyuv.dll
;;;;mtstocom.exe
;;;;mtxclu.dll
;;;;mtxdm.dll
;;;;mtxex.dll
;;;;mtxoci.dll
;;;;muifontsetup.dll
;;;;musdialoghandlers.dll
;;;;my-mm
;;;;mycomput.dll
;;;;mydocs.dll
;;;;navshutdown.dll
;;;;nb-NO
;;;;nbtstat.exe
;;;;ncbservice.dll
;;;;nci.dll
;;;;ncobjapi.dll
;;;;ncpa.cpl
;;;;ncrypt.dll
;;;;ncryptprov.dll
;;;;ncryptsslp.dll
;;;;ncsi.dll
;;;;ncuprov.dll
;;;;ndadmin.exe
;;;;nddeapi.dll
;;;;ndfapi.dll
;;;;ndfetw.dll
;;;;ndfhcdiscovery.dll
;;;;ndishc.dll
;;;;ndproxystub.dll
;;;;nduprov.dll
;;;;negoexts.dll
;;;;net.exe
;;;;net1.exe
;;;;netapi32.dll
;;;;netbios.dll
;;;;netbtugc.exe
;;;;netcenter.dll
;;;;netcfg.exe
;;;;netcfgx.dll
;;;;netcorehc.dll
;;;;netdiagfx.dll
;;;;netevent.dll
;;;;netfxperf.dll
;;;;neth.dll
;;;;netid.dll
;;;;netiohlp.dll
;;;;netiougc.exe
;;;;netjoin.dll
;;;;netlogon.dll
;;;;netman.dll
;;;;netmsg.dll
;;;;netplwiz.dll
;;;;netprofm.dll
;;;;netprofmsvc.dll
;;;;netprovfw.dll
;;;;netprovisionsp.dll
;;;;netsh.exe
;;;;netshell.dll
;;;;nettrace.dll
;;;;nettraceex.dll
;;;;netutils.dll
;;;;networkexplorer.dll
;;;;networkhelper.dll
;;;;networkitemfactory.dll
;;;;networklist
;;;;newdev.dll
;;;;newdev.exe
;;;;ngccredprov.dll
;;;;ngckeyenum.dll
;;;;ngcksp.dll
;;;;ngclocal.dll
;;;;ngcpopkeysrv.dll
;;;;ngcrecovery.dll
;;;;ngcsvc.dll
;;;;ngctasks.dll
;;;;ninput.dll
;;;;nl-NL
;;;;nlaapi.dll
;;;;nlahc.dll
;;;;nlasvc.dll
;;;;nlhtml.dll
;;;;nlmgp.dll
;;;;nlmproxy.dll
;;;;nlmsprep.dll
;;;;nlsbres.dll
;;;;nltest.exe
;;;;nmbind.exe
;;;;nmscrub.exe
;;;;normaliz.dll
;;;;normidna.nls
;;;;normnfc.nls
;;;;normnfd.nls
;;;;normnfkc.nls
;;;;normnfkd.nls
;;;;notepad.exe
;;;;notificationplatformcomponent.dll
;;;;npmproxy.dll
;;;;nrpsrv.dll
;;;;nshhttp.dll
;;;;nshipsec.dll
;;;;nshwfp.dll
;;;;nsi.dll
;;;;nsisvc.dll
;;;;nslookup.exe
;;;;ntasn1.dll
;;;;ntdll.dll
;;;;ntdsapi.dll
;;;;ntlanman.dll
;;;;ntlanui2.dll
;;;;ntmarta.dll
;;;;ntoskrnl.exe
;;;;ntprint.dll
;;;;ntprint.exe
;;;;ntshrui.dll
;;;;ntvdm64.dll
;;;;nvspinfo.exe
;;;;objsel.dll
;;;;occache.dll
;;;;ocsetapi.dll
;;;;odbc32.dll
;;;;odbcad32.exe
;;;;odbcbcp.dll
;;;;odbcconf.dll
;;;;odbcconf.exe
;;;;odbcconf.rsp
;;;;odbccp32.dll
;;;;odbccr32.dll
;;;;odbccu32.dll
;;;;odbcint.dll
;;;;odbctrac.dll
;;;;oemlicense.dll
;;;;ofdeploy.exe
;;;;offfilt.dll
;;;;officecsp.dll
;;;;offlinelsa.dll
;;;;offlinesam.dll
;;;;offreg.dll
;;;;oflc-nz.rs
;;;;ole32.dll
;;;;oleacc.dll
;;;;oleacchooks.dll
;;;;oleaccrc.dll
;;;;oleaut32.dll
;;;;oledlg.dll
;;;;oleprn.dll
;;;;omadmapi.dll
;;;;omadmclient.exe
;;;;omadmprc.exe
;;;;onex.dll
;;;;onexui.dll
;;;;onnxruntime.dll
;;;;oobe
;;;;openfiles.exe
;;;;opengl32.dll
;;;;ortcengine.dll
;;;;osa-Osge-001
;;;;osbaseln.dll
;;;;osk.exe
;;;;osuninst.dll
;;;;p2pnetsh.dll
;;;;p2psvc.dll
;;;;p9np.dll
;;;;pacjsworker.exe
;;;;packager.dll
;;;;panmap.dll
;;;;pautoenr.dll
;;;;pcacli.dll
;;;;pcadm.dll
;;;;pcaevts.dll
;;;;pcalua.exe
;;;;pcasvc.dll
;;;;pcaui.dll
;;;;pcaui.exe
;;;;pcbp.rs
;;;;pcl.sep
;;;;pcsvDevice.dll
;;;;pcwrun.exe
;;;;pcwum.dll
;;;;pcwutl.dll
;;;;pdh.dll
;;;;pdhui.dll
;;;;pegi-pt.rs
;;;;pegi.rs
;;;;perfc009.dat
;;;;perfc00C.dat
;;;;perfctrs.dll
;;;;perfd009.dat
;;;;perfd00C.dat
;;;;perfdisk.dll
;;;;perfh009.dat
;;;;perfh00C.dat
;;;;perfi009.dat
;;;;perfi00C.dat
;;;;perfmon.exe
;;;;perfmon.msc
;;;;perfnet.dll
;;;;perfos.dll
;;;;perfproc.dll
;;;;perftrack.dll
;;;;perfts.dll
;;;;phoneactivate.exe
;;;;photowiz.dll
;;;;pid.dll
;;;;pidgenx.dll
;;;;pifmgr.dll
;;;;pkeyhelper.dll
;;;;pku2u.dll
;;;;pl-PL
;;;;pla.dll
;;;;plasrv.exe
;;;;playlistfolder.dll
;;;;playtomenu.dll
;;;;ploptin.dll
;;;;pmcsnap.dll
;;;;pngfilt.dll
;;;;pnidui.dll
;;;;pnpclean.dll
;;;;pnppolicy.dll
;;;;pnpts.dll
;;;;pnpui.dll
;;;;pnputil.exe
;;;;pnrpauto.dll
;;;;pnrpnsp.dll
;;;;pnrpsvc.dll
;;;;policymanager.dll
;;;;policymanagerprecheck.dll
;;;;polstore.dll
;;;;poqexec.exe
;;;;posetup.dll
;;;;pospaymentsworker.exe
;;;;pots.dll
;;;;powercfg.cpl
;;;;powercfg.exe
;;;;powercpl.dll
;;;;powrprof.dll
;;;;ppcsnap.dll
;;;;prauthproviders.dll
;;;;prevhost.exe
;;;;prflbmsg.dll
;;;;print.exe
;;;;printfilterpipelineprxy.dll
;;;;printfilterpipelinesvc.exe
;;;;printmanagement.msc
;;;;printticketvalidation.dll
;;;;printui.dll
;;;;printui.exe
;;;;prncache.dll
;;;;prnfldr.dll
;;;;prnntfy.dll
;;;;prntvpt.dll
;;;;profapi.dll
;;;;profext.dll
;;;;profprov.dll
;;;;profsvc.dll
;;;;profsvcext.dll
;;;;propsys.dll
;;;;proquota.exe
;;;;provcore.dll
;;;;provdatastore.dll
;;;;provdiagnostics.dll
;;;;provengine.dll
;;;;provhandlers.dll
;;;;provisioningcommandscsp.dll
;;;;provisioningcsp.dll
;;;;provlaunch.exe
;;;;provmigrate.dll
;;;;provops.dll
;;;;provpackageapidll.dll
;;;;provplatformdesktop.dll
;;;;provsvc.dll
;;;;provthrd.dll
;;;;provtool.exe
;;;;prproc.exe
;;;;prvdmofcomp.dll
;;;;psapi.dll
;;;;pscript.sep
;;;;psisdecd.dll
;;;;psisrndr.ax
;;;;psmodulediscoveryprovider.mof
;;;;psmsrv.dll
;;;;psr.exe
;;;;pstask.dll
;;;;pstorec.dll
;;;;pt-BR
;;;;pt-PT
;;;;ptpprov.dll
;;;;puiapi.dll
;;;;puiobj.dll
;;;;pwlauncher.dll
;;;;pwlauncher.exe
;;;;pwrshplugin.dll
;;;;pwsso.dll
;;;;qappsrv.exe
;;;;qasf.dll
;;;;qcap.dll
;;;;qdv.dll
;;;;qdvd.dll
;;;;qedit.dll
;;;;qedwipes.dll
;;;;qmgr.dll
;;;;qprocess.exe
;;;;quartz.dll
;;;;query.exe
;;;;quickassist.exe
;;;;quser.exe
;;;;qwave.dll
;;;;qwinsta.exe
;;;;racpldlg.dll
;;;;radardt.dll
;;;;radarrs.dll
;;;;ras
;;;;rasadhlp.dll
;;;;rasapi32.dll
;;;;rasauto.dll
;;;;rasautou.exe
;;;;raschap.dll
;;;;raschapext.dll
;;;;rasctrnm.h
;;;;rasctrs.dll
;;;;rascustom.dll
;;;;rasdiag.dll
;;;;rasdial.exe
;;;;rasdlg.dll
;;;;raserver.exe
;;;;rasgcw.dll
;;;;rasman.dll
;;;;rasmans.dll
;;;;rasmbmgr.dll
;;;;rasmontr.dll
;;;;rasphone.exe
;;;;rasplap.dll
;;;;rasppp.dll
;;;;rastapi.dll
;;;;rastls.dll
;;;;rastlsext.dll
;;;;rblcache.dat
;;;;rdbui.dll
;;;;rdp4vs.dll
;;;;rdpbase.dll
;;;;rdpcfgex.dll
;;;;rdpclip.exe
;;;;rdpcore.dll
;;;;rdpcorets.dll
;;;;rdpcredentialprovider.dll
;;;;rdpencom.dll
;;;;rdpendp.dll
;;;;rdpinit.exe
;;;;rdpinput.exe
;;;;rdpnano.dll
;;;;rdpserverbase.dll
;;;;rdpsharercom.dll
;;;;rdpshell.exe
;;;;rdpsign.exe
;;;;rdpudd.dll
;;;;rdpviewerax.dll
;;;;rdrleakdiag.exe
;;;;rdsdwmdr.dll
;;;;rdsxvmaudio.dll
;;;;rdvvmtransport.dll
;;;;recdisc.exe
;;;;recover.exe
;;;;recovery.dll
;;;;refsutil.exe
;;;;reg.exe
;;;;regapi.dll
;;;;regedt32.exe
;;;;regidle.dll
;;;;regini.exe
;;;;regsvc.dll
;;;;regsvr32.exe
;;;;reguwpapi.dll
;;;;rekeywiz.exe
;;;;relog.exe
;;;;remoteaudioendpoint.dll
;;;;remotepg.dll
;;;;remotesp.tsp
;;;;removerootporterr.mof
;;;;rendezvousSession.tlb
;;;;repair-bde.exe
;;;;replace.exe
;;;;reset.exe
;;;;reseteng.dll
;;;;resmon.exe
;;;;restore
;;;;resutils.dll
;;;;rgb9rast.dll
;;;;riched20.dll
;;;;riched32.dll
;;;;rilproxy.dll
;;;;rmclient.dll
;;;;rmttpmvscmgrsvr.exe
;;;;rnr20.dll
;;;;ro-RO
;;;;rometadata.dll
;;;;rootporterr.mof
;;;;rpchttp.dll
;;;;rpcnsh.dll
;;;;rpcrt4.dll
;;;;rpcss.dll
;;;;rrinstaller.exe
;;;;rsaenh.dll
;;;;rshx32.dll
;;;;rsop.msc
;;;;rstrui.exe
;;;;rtffilt.dll
;;;;rtm.dll
;;;;rtmcodecs.dll
;;;;rtmmvrortc.dll
;;;;rtmpal.dll
;;;;rtmpltfm.dll
;;;;rtpm.dll
;;;;rtutils.dll
;;;;ru-RU
;;;;runas.exe
;;;;rundll32.exe
;;;;runexehelper.exe
;;;;runonce.exe
;;;;rwinsta.exe
;;;;samcli.dll
;;;;samlib.dll
;;;;samsrv.dll
;;;;sas.dll
;;;;sbe.dll
;;;;sbeio.dll
;;;;sberes.dll
;;;;sbiLynxA0_1.otp
;;;;sbiLynxB0_1.otp
;;;;sbiLynxB0_7.otp
;;;;sbiLynxB0_FE.otp
;;;;sbiLynxSmallA0_1.otp
;;;;sbiLynxSmallB0_1.otp
;;;;sbiLynxSmallB0_7.otp
;;;;sbiLynxSmallB0_FE.otp
;;;;sbresources.dll
;;;;sbservicetrigger.dll
;;;;sc.exe
;;;;scansetting.dll
;;;;scavengeui.dll
;;;;scecli.dll
;;;;scesrv.dll
;;;;schannel.dll
;;;;schedcli.dll
;;;;schedsvc.dll
;;;;schtasks.exe
;;;;scksp.dll
;;;;scripto.dll
;;;;scrnsave.scr
;;;;scrobj.dll
;;;;scrptadm.dll
;;;;scrrun.dll
;;;;sdbinst.exe
;;;;sdchange.exe
;;;;sdclt.exe
;;;;sdcpl.dll
;;;;sdengin2.dll
;;;;sdhcinst.dll
;;;;sdiageng.dll
;;;;sdiagnhost.exe
;;;;sdiagprv.dll
;;;;sdiagschd.dll
;;;;sdohlp.dll
;;;;sdrsvc.dll
;;;;sdshext.dll
;;;;sechost.dll
;;;;secinit.exe
;;;;seclogon.dll
;;;;secpol.msc
;;;;secproc.dll
;;;;secproc_isv.dll
;;;;secproc_ssp.dll
;;;;secproc_ssp_isv.dll
;;;;secur32.dll
;;;;securekernel.exe
;;;;security.dll
;;;;sedplugins.dll
;;;;sendmail.dll
;;;;sensrsvc.dll
;;;;serialui.dll
;;;;services.exe
;;;;services.msc
;;;;serwvdrv.dll
;;;;sessionmsg.exe
;;;;setbcdlocale.dll
;;;;setcardsrouting.exe
;;;;setcardsrouting.exe.config
;;;;sethc.exe
;;;;setspn.exe
;;;;settings.dat
;;;;setup
;;;;setupapi.dll
;;;;setupcl.dll
;;;;setupcl.exe
;;;;setupcln.dll
;;;;setupetw.dll
;;;;setupugc.exe
;;;;setx.exe
;;;;sfc.dll
;;;;sfc.exe
;;;;sfc_os.dll
;;;;shacct.dll
;;;;shacctprofile.dll
;;;;sharemediacpl.dll
;;;;shdocvw.dll
;;;;shell32.dll
;;;;shellstyle.dll
;;;;shfolder.dll
;;;;shgina.dll
;;;;shimeng.dll
;;;;shimgvw.dll
;;;;shlwapi.dll
;;;;shpafact.dll
;;;;shrpubw.exe
;;;;shsetup.dll
;;;;shsvcs.dll
;;;;shunimpl.dll
;;;;shutdown.exe
;;;;shutdownext.dll
;;;;shutdownux.dll
;;;;shwebsvc.dll
;;;;si-lk
;;;;signdrv.dll
;;;;sigverif.exe
;;;;sihost.exe
;;;;simpdata.tlb
;;;;sk-SK
;;;;skci.dll
;;;;sl-SI
;;;;slc.dll
;;;;slcext.dll
;;;;slmgr
;;;;slmgr.vbs
;;;;slui.exe
;;;;slwga.dll
;;;;smartscreen.exe
;;;;smartscreenps.dll
;;;;smbwmiv2.dll
;;;;smphost.dll
;;;;smss.exe
;;;;snmpapi.dll
;;;;snmptrap.exe
;;;;socialapis.dll
;;;;softkbd.dll
;;;;softpub.dll
;;;;sort.exe
;;;;spacebridge.dll
;;;;spaceman.exe
;;;;spbcd.dll
;;;;spfileq.dll
;;;;spinf.dll
;;;;spmpm.dll
;;;;spnet.dll
;;;;spool
;;;;spoolss.dll
;;;;spoolsv.exe
;;;;spopk.dll
;;;;spp
;;;;spp.dll
;;;;sppc.dll
;;;;sppcext.dll
;;;;sppcomapi.dll
;;;;sppcommdlg.dll
;;;;sppinst.dll
;;;;sppnp.dll
;;;;sppobjs.dll
;;;;sppsvc.exe
;;;;sppui
;;;;sppwinob.dll
;;;;sppwmi.dll
;;;;spwinsat.dll
;;;;spwizeng.dll
;;;;spwizimg.dll
;;;;spwizres.dll
;;;;sqlsrv32.dll
;;;;sqlsrv32.rll
;;;;sqmapi.dll
;;;;sr-Latn-RS
;;;;srchadmin.dll
;;;;srclient.dll
;;;;srcore.dll
;;;;srdelayed.exe
;;;;srhelper.dll
;;;;srm.dll
;;;;srm_ps.dll
;;;;srmclient.dll
;;;;srmlib.dll
;;;;srms-apr-v.dat
;;;;srms-apr.dat
;;;;srms.dat
;;;;srmscan.dll
;;;;srmshell.dll
;;;;srmstormod.dll
;;;;srmtrace.dll
;;;;srpapi.dll
;;;;srrstr.dll
;;;;sru
;;;;srumapi.dll
;;;;srumsvc.dll
;;;;srvcli.dll
;;;;srvsvc.dll
;;;;srwmi.dll
;;;;ssText3d.scr
;;;;sscore.dll
;;;;sscoreext.dll
;;;;ssdm.dll
;;;;ssdpapi.dll
;;;;ssdpsrv.dll
;;;;sspicli.dll
;;;;sspisrv.dll
;;;;sstpsvc.dll
;;;;stclient.dll
;;;;stdole2.tlb
;;;;stdole32.tlb
;;;;sti.dll
;;;;sti_ci.dll
;;;;stobject.dll
;;;;storagewmi.dll
;;;;storagewmi_passthru.dll
;;;;stordiag.exe
;;;;storewuauth.dll
;;;;streamci.dll
;;;;subst.exe
;;;;sud.dll
;;;;sv-SE
;;;;svchost.exe
;;;;svf.dll
;;;;svsvc.dll
;;;;swprv.dll
;;;;sxproxy.dll
;;;;sxs.dll
;;;;sxshared.dll
;;;;sxssrv.dll
;;;;sxsstore.dll
;;;;sxstrace.exe
;;;;syncutil.dll
;;;;sysclass.dll
;;;;sysdm.cpl
;;;;sysmain.dll
;;;;sysmon.ocx
;;;;sysntfy.dll
;;;;sysprint.sep
;;;;sysprtj.sep
;;;;syssetup.dll
;;;;systemcpl.dll
;;;;systeminfo.exe
;;;;systemreset.exe
;;;;systray.exe
;;;;t2embed.dll
;;;;ta-in
;;;;ta-lk
;;;;tabcal.exe
;;;;takeown.exe
;;;;tapi3.dll
;;;;tapi32.dll
;;;;tapilua.dll
;;;;tapiperf.dll
;;;;tapisrv.dll
;;;;tapiui.dll
;;;;tar.exe
;;;;taskbarcpl.dll
;;;;taskcomp.dll
;;;;taskhostw.exe
;;;;taskkill.exe
;;;;tasklist.exe
;;;;taskschd.dll
;;;;taskschd.msc
;;;;tbauth.dll
;;;;tbb_waves.dll
;;;;tbs.dll
;;;;tcblaunch.exe
;;;;tcbloader.dll
;;;;tcmsetup.exe
;;;;tcpbidi.xml
;;;;tcpipcfg.dll
;;;;tcpmib.dll
;;;;tcpmon.dll
;;;;tcpmon.ini
;;;;tcpmonui.dll
;;;;tdc.ocx
;;;;tdh.dll
;;;;telephon.cpl
;;;;tellib.dll
;;;;termmgr.dll
;;;;termsrv.dll
;;;;tetheringclient.dll
;;;;tetheringconfigsp.dll
;;;;tetheringservice.dll
;;;;th-TH
;;;;themecpl.dll
;;;;themeservice.dll
;;;;themeui.dll
;;;;threadpoolwinrt.dll
;;;;thumbcache.dll
;;;;ti-et
;;;;tier2punctuations.dll
;;;;timedate.cpl
;;;;timeout.exe
;;;;timesync.dll
;;;;tlscsp.dll
;;;;tokenbinding.dll
;;;;tpm.msc
;;;;tpmcompc.dll
;;;;tpmvsc.dll
;;;;tpmvscmgr.exe
;;;;tpmvscmgrsvr.exe
;;;;tquery.dll
;;;;tr-TR
;;;;tracerpt.exe
;;;;traffic.dll
;;;;tree.com
;;;;trie.dll
;;;;trkwks.dll
;;;;tsbyuv.dll
;;;;tscfgwmi.dll
;;;;tscon.exe
;;;;tsdiscon.exe
;;;;tsf3gip.dll
;;;;tsgqec.dll
;;;;tskill.exe
;;;;tsmf.dll
;;;;tspubwmi.dll
;;;;tssrvlic.dll
;;;;ttdinject.exe
;;;;ttdloader.dll
;;;;ttdplm.dll
;;;;ttdrecord.dll
;;;;ttdrecordcpu.dll
;;;;tttracer.exe
;;;;tvratings.dll
;;;;twext.dll
;;;;twinapi.appcore.dll
;;;;twinapi.dll
;;;;twinui.appcore.dll
;;;;twinui.dll
;;;;twinui.pcshell.dll
;;;;txflog.dll
;;;;txfw32.dll
;;;;typeperf.exe
;;;;tzautoupdate.dll
;;;;tzres.dll
;;;;tzsync.exe
;;;;tzsyncres.dll
;;;;tzutil.exe
;;;;uDWM.dll
;;;;uReFS.dll
;;;;uReFSv1.dll
;;;;ubpm.dll
;;;;ucmhc.dll
;;;;ucrtbase.dll
;;;;ucrtbase_clr0400.dll
;;;;ucrtbase_enclave.dll
;;;;ucsvc.exe
;;;;udhisapi.dll
;;;;uexfat.dll
;;;;ufat.dll
;;;;uicom.dll
;;;;uireng.dll
;;;;uk-UA
;;;;ulib.dll
;;;;umb.dll
;;;;umdmxfrm.dll
;;;;umpdc.dll
;;;;umpnpmgr.dll
;;;;umpo-overrides.dll
;;;;umpo.dll
;;;;umpoext.dll
;;;;umpowmi.dll
;;;;umrdp.dll
;;;;unattend.dll
;;;;unenrollhook.dll
;;;;unimdm.tsp
;;;;unimdmat.dll
;;;;uniplat.dll
;;;;unlodctr.exe
;;;;untfs.dll
;;;;updatecsp.dll
;;;;updatepolicy.dll
;;;;upfc.exe
;;;;upnp.dll
;;;;upnpcont.exe
;;;;upnphost.dll
;;;;upshared.dll
;;;;ureg.dll
;;;;url.dll
;;;;urlmon.dll
;;;;usbceip.dll
;;;;usbmon.dll
;;;;usbperf.dll
;;;;usbui.dll
;;;;user32.dll
;;;;useractivitybroker.dll
;;;;usercpl.dll
;;;;userenv.dll
;;;;userinit.exe
;;;;userinitext.dll
;;;;usermgr.dll
;;;;usermgrcli.dll
;;;;usk.rs
;;;;usoapi.dll
;;;;usocoreps.dll
;;;;usocoreworker.exe
;;;;usosvc.dll
;;;;usp10.dll
;;;;ustprov.dll
;;;;utcutil.dll
;;;;utildll.dll
;;;;uudf.dll
;;;;uwfcfgmgmt.dll
;;;;uwfcsp.dll
;;;;uwfservicingapi.dll
;;;;uxlib.dll
;;;;uxlibres.dll
;;;;uxtheme.dll
;;;;vac.dll
;;;;vaultcli.dll
;;;;vaultsvc.dll
;;;;vbisurf.ax
;;;;vbsapi.dll
;;;;vbscript.dll
;;;;vbssysprep.dll
;;;;vcamp140.dll
;;;;vccorlib110.dll
;;;;vccorlib120.dll
;;;;vccorlib140.dll
;;;;vcomp140.dll
;;;;vcruntime140.dll
;;;;vcruntime140_1.dll
;;;;vcruntime140_clr0400.dll
;;;;vds.exe
;;;;vds_ps.dll
;;;;vdsbas.dll
;;;;vdsdyn.dll
;;;;vdsldr.exe
;;;;vdsutil.dll
;;;;vdsvd.dll
;;;;verclsid.exe
;;;;verifier.dll
;;;;verifier.exe
;;;;verifiergui.exe
;;;;version.dll
;;;;vertdll.dll
;;;;vfpapi.dll
;;;;vfpctrl.exe
;;;;vfuprov.dll
;;;;vfwwdm32.dll
;;;;vid.dll
;;;;vidcap.ax
;;;;virtdisk.dll
;;;;virtmgmt.msc
;;;;vmbuspipe.dll
;;;;vmbuspiper.dll
;;;;vmbusvdev.dll
;;;;vmchipset.dll
;;;;vmcompute.dll
;;;;vmcompute.exe
;;;;vmcomputeeventlog.dll
;;;;vmconnect.exe
;;;;vmdebug.dll
;;;;vmdevicehost.dll
;;;;vmdynmem.dll
;;;;vmemulateddevices.dll
;;;;vmflexio.dll
;;;;vmhgs.dll
;;;;vmiccore.dll
;;;;vmicrdv.dll
;;;;vmictimeprovider.dll
;;;;vmicvdev.dll
;;;;vmms.exe
;;;;vmmsprox.dll
;;;;vmplatformca.exe
;;;;vmpmem.dll
;;;;vmprox.dll
;;;;vmrdvcore.dll
;;;;vmserial.dll
;;;;vmsif.dll
;;;;vmsifcore.dll
;;;;vmsifproxystub.dll
;;;;vmsmb.dll
;;;;vmsp.exe
;;;;vmstaging.dll
;;;;vmsynthfcvdev.dll
;;;;vmsynthstor.dll
;;;;vmtpm.dll
;;;;vmuidevices.dll
;;;;vmusrv.dll
;;;;vmvirtio.dll
;;;;vmvpci.dll
;;;;vmwp.exe
;;;;vmwpctrl.dll
;;;;vmwpevents.dll
;;;;vp9fs.dll
;;;;vpcievdev.dll
;;;;vpnike.dll
;;;;vpnikeapi.dll
;;;;vsconfig.dll
;;;;vss_ps.dll
;;;;vssadmin.exe
;;;;vssapi.dll
;;;;vsstrace.dll
;;;;vulkan-1-999-0-0-0.dll
;;;;vulkan-1.dll
;;;;vulkaninfo-1-999-0-0-0.exe
;;;;vulkaninfo.exe
;;;;w32time.dll
;;;;w32tm.exe
;;;;w32topl.dll
;;;;waitfor.exe
;;;;wavemsp.dll
;;;;wbadmin.exe
;;;;wbem
;;;;wbemcomn.dll
;;;;wbengine.exe
;;;;wbiosrvc.dll
;;;;wc_storage.dll
;;;;wci.dll
;;;;wcimage.dll
;;;;wcmapi.dll
;;;;wcmcsp.dll
;;;;wcmsvc.dll
;;;;wcncsvc.dll
;;;;wcnwiz.dll
;;;;wdc.dll
;;;;wdi.dll
;;;;wdigest.dll
;;;;wdmaud.drv
;;;;wdscore.dll
;;;;webauthn.dll
;;;;webcheck.dll
;;;;webio.dll
;;;;webplatstorageserver.dll
;;;;webservices.dll
;;;;wecapi.dll
;;;;wecsvc.dll
;;;;wecutil.exe
;;;;wephostsvc.dll
;;;;wer.dll
;;;;werconcpl.dll
;;;;wercplsupport.dll
;;;;werdiagcontroller.dll
;;;;weretw.dll
;;;;wermgr.exe
;;;;wersvc.dll
;;;;werui.dll
;;;;wevtapi.dll
;;;;wevtfwd.dll
;;;;wevtsvc.dll
;;;;wevtutil.exe
;;;;wextract.exe
;;;;wfapigp.dll
;;;;wfdprov.dll
;;;;whealogr.dll
;;;;where.exe
;;;;whhelper.dll
;;;;whoami.exe
;;;;wiaacmgr.exe
;;;;wiaaut.dll
;;;;wiadefui.dll
;;;;wiadss.dll
;;;;wiarpc.dll
;;;;wiascanprofiles.dll
;;;;wiaservc.dll
;;;;wiashext.dll
;;;;wiatrace.dll
;;;;wiawow64.exe
;;;;wifidatacapabilityhandler.dll
;;;;wifinetworkmanager.dll
;;;;wifitask.exe
;;;;wimgapi.dll
;;;;wimserv.exe
;;;;win32appinventorycsp.dll
;;;;win32k.sys
;;;;win32kbase.sys
;;;;win32kfull.sys
;;;;win32kns.sys
;;;;win32spl.dll
;;;;win32u.dll
;;;;winbio.dll
;;;;winbioext.dll
;;;;winbrand.dll
;;;;wincorlib.dll
;;;;wincredprovider.dll
;;;;wincredui.dll
;;;;windows.applicationmodel.conversationalagent.internal.proxystub.dll
;;;;windows.applicationmodel.conversationalagent.proxystub.dll
;;;;windows.applicationmodel.datatransfer.dll
;;;;windows.immersiveshell.serviceprovider.dll
;;;;windows.internal.shellcommon.AccountsControlExperience.dll
;;;;windows.internal.shellcommon.AppResolverModal.dll
;;;;windows.internal.shellcommon.FilePickerExperienceMEM.dll
;;;;windows.internal.shellcommon.TokenBrokerModal.dll
;;;;windows.internal.shellcommon.shareexperience.dll
;;;;windows.storage.dll
;;;;windowsdefenderapplicationguardcsp.dll
;;;;windowslivelogin.dll
;;;;windowsperformancerecordercontrol.dll
;;;;windowsudk.shellcommon.dll
;;;;winethc.dll
;;;;winevt
;;;;winhttp.dll
;;;;winhttpcom.dll
;;;;wininet.dll
;;;;wininetlui.dll
;;;;wininit.exe
;;;;wininitext.dll
;;;;winipcfile.dll
;;;;winipcsecproc.dll
;;;;winipsec.dll
;;;;winjson.dll
;;;;winload.efi
;;;;winload.exe
;;;;winlogon.exe
;;;;winlogonext.dll
;;;;winmde.dll
;;;;winml.dll
;;;;winmm.dll
;;;;winmmbase.dll
;;;;winmsipc.dll
;;;;winnlsres.dll
;;;;winnsi.dll
;;;;winresume.efi
;;;;winresume.exe
;;;;winrm
;;;;winrm.cmd
;;;;winrm.vbs
;;;;winrnr.dll
;;;;winrs.exe
;;;;winrscmd.dll
;;;;winrshost.exe
;;;;winrsmgr.dll
;;;;winrssrv.dll
;;;;winshfhc.dll
;;;;winsku.dll
;;;;winsockhc.dll
;;;;winspool.drv
;;;;winsqlite3.dll
;;;;winsrv.dll
;;;;winsrvext.dll
;;;;winsta.dll
;;;;wintrust.dll
;;;;winusb.dll
;;;;winver.exe
;;;;wisp.dll
;;;;witnesswmiv2provider.dll
;;;;wkscli.dll
;;;;wkspbroker.exe
;;;;wkspbrokerAx.dll
;;;;wksprt.exe
;;;;wksprtPS.dll
;;;;wkssvc.dll
;;;;wlanapi.dll
;;;;wlancfg.dll
;;;;wlandlg.dll
;;;;wlanext.exe
;;;;wlangpui.dll
;;;;wlanhlp.dll
;;;;wlanmsm.dll
;;;;wlanpref.dll
;;;;wlansec.dll
;;;;wlansvc.dll
;;;;wlansvcpal.dll
;;;;wlanui.dll
;;;;wlanutil.dll
;;;;wldp.dll
;;;;wlgpclnt.dll
;;;;wlidcli.dll
;;;;wlidcredprov.dll
;;;;wlidfdp.dll
;;;;wlidnsp.dll
;;;;wlidprov.dll
;;;;wlidres.dll
;;;;wlidsvc.dll
;;;;wlrmdr.exe
;;;;wmcodecdspps.dll
;;;;wmdmlog.dll
;;;;wmdmps.dll
;;;;wmdrmsdk.dll
;;;;wmi.dll
;;;;wmiclnt.dll
;;;;wmicmiplugin.dll
;;;;wmidcom.dll
;;;;wmidx.dll
;;;;wmiprop.dll
;;;;wmitomi.dll
;;;;wmsgapi.dll
;;;;wmvdspa.dll
;;;;workfolderssvc.dll
;;;;wosc.dll
;;;;wow64.dll
;;;;wow64cpu.dll
;;;;wow64win.dll
;;;;wowreg32.exe
;;;;wpbcreds.dll
;;;;wpcatltoast.png
;;;;wpcmon.png
;;;;wpd_ci.dll
;;;;wpdbusenum.dll
;;;;wpdshext.dll
;;;;wpnapps.dll
;;;;wpnclient.dll
;;;;wpncore.dll
;;;;wpninprc.dll
;;;;wpnpinst.exe
;;;;wpnprv.dll
;;;;wpnservice.dll
;;;;wpnsruprov.dll
;;;;wpr.config.xml
;;;;wpr.exe
;;;;wpx.dll
;;;;write.exe
;;;;ws2_32.dll
;;;;ws2help.dll
;;;;wscadminui.exe
;;;;wscapi.dll
;;;;wscinterop.dll
;;;;wscisvif.dll
;;;;wscproxystub.dll
;;;;wscript.exe
;;;;wscsvc.dll
;;;;wscui.cpl
;;;;wsdchngr.dll
;;;;wsecedit.dll
;;;;wsepno.dll
;;;;wshbth.dll
;;;;wshcon.dll
;;;;wshelper.dll
;;;;wshext.dll
;;;;wshhyperv.dll
;;;;wship6.dll
;;;;wshom.ocx
;;;;wshqos.dll
;;;;wshrm.dll
;;;;wshunix.dll
;;;;wsl.exe
;;;;wslapi.dll
;;;;wslconfig.exe
;;;;wsmanconfig_schema.xml
;;;;wsmplpxy.dll
;;;;wsmprovhost.exe
;;;;wsnmp32.dll
;;;;wsock32.dll
;;;;wsp_fs.dll
;;;;wsp_health.dll
;;;;wsp_sr.dll
;;;;wsplib.dll
;;;;wsqmcons.exe
;;;;wtsapi32.dll
;;;;wuapi.dll
;;;;wuapihost.exe
;;;;wuauclt.exe
;;;;wuaueng.dll
;;;;wuceffects.dll
;;;;wudriver.dll
;;;;wups.dll
;;;;wups2.dll
;;;;wusa.exe
;;;;wuuhext.dll
;;;;wuuhosdeployment.dll
;;;;wvc.dll
;;;;wwancfg.dll
;;;;wwanconn.dll
;;;;wwanmm.dll
;;;;wwanprotdim.dll
;;;;wwansvc.dll
;;;;wwapi.dll
;;;;xboxgipsvc.dll
;;;;xboxgipsynthetic.dll
;;;;xcopy.exe
;;;;xmlfilter.dll
;;;;xmllite.dll
;;;;xmlprovi.dll
;;;;xolehlp.dll
;;;;xpspushlayer.dll
;;;;xpsservices.dll
;;;;xwizard.dtd
;;;;xwizard.exe
;;;;xwizards.dll
;;;;xwreg.dll
;;;;xwtpdui.dll
;;;;xwtpw32.dll
;;;;ze_loader.dll
;;;;ze_tracing_layer.dll
;;;;ze_validation_layer.dll
;;;;zh-CN
;;;;zh-TW
;;;;zipcontainer.dll
;;;;zipfldr.dll
;;;;ztrace_maps.dll
2022-09-26T08:51:01;INFO;wsrv.cpp;65;I receive a message: run which bash (size: 14, type: 1), from: 127.0.0.1
2022-09-26T08:51:01;INFO;wsrv.cpp;42;which bash
;;;;/usr/bin/bash
2022-09-26T08:52:25;TRACE;ipc_mutex.cpp;25;Unable to create mutex 'websetup'.
2022-09-26T08:52:25;WARN;websetup.cpp;65;Server already running
2022-09-26T08:52:25;INFO;wsrv.cpp;17;Connection opened, addr: 127.0.0.1
2022-09-26T08:52:37;INFO;wsrv.cpp;21;Connection closed, addr: 127.0.0.1
2022-09-26T08:53:06;INFO;wsrv.cpp;65;I receive a message: run pwd (size: 7, type: 1), from: 127.0.0.1
2022-09-26T08:53:06;INFO;wsrv.cpp;42;pwd
;;;;/c/windows/system32
2022-09-26T11:16:52;INFO;wsrv.cpp;21;Connection closed, addr: 127.0.0.1
2022-09-26T11:24:34;INFO;local_gui.cpp;124;Showing effect number 4 of 5 : FADE_IN
2022-09-26T11:24:34;DEBUG;local_gui.cpp;126;
2022-09-26T11:24:35;INFO;local_gui.cpp;128;Hiding  effect number 4 of 5 : FADE_OUT
2022-09-26T11:24:35;INFO;local_gui.cpp;205;WM_DESTROY
2022-09-26T11:24:35;INFO;websetup.cpp;33;Exiting
2022-09-26T11:24:35;TRACE;ipc_mutex.cpp;37;Closing mutex 'websetup'
